2024-02-29 19:26:16,140 [INFO] Activator:176 - 


2024-02-29 19:26:16,144 [INFO] Activator:177 - !SESSION log4j initialized
2024-02-29 19:26:19,860 [INFO] LogOutputStream:77 - [STDOUT_REDIRECT] 
2024-02-29 19:26:23,056 [INFO] ApplicationProperties:184 - Using Application install path: C:\ST\STM32CubeIDE_1.14.1\STM32CubeIDE\plugins\com.st.stm32cube.common.mx_6.10.0.202311202037
2024-02-29 19:26:23,091 [INFO] DbMcusXml:78 - Set database path to: C:\ST\STM32CubeIDE_1.14.1\STM32CubeIDE\plugins\com.st.stm32cube.common.mx_6.10.0.202311202037\\db\/mcu/
2024-02-29 19:26:23,092 [INFO] ApiDb:274 - Set plugin database path to: C:\ST\STM32CubeIDE_1.14.1\STM32CubeIDE\plugins\com.st.stm32cube.common.mx_6.10.0.202311202037\\db\/plugins/boardmanager/
2024-02-29 19:26:23,098 [WARN] ApiDb:259 - Overriding images path with different value:  => C:\ST\STM32CubeIDE_1.14.1\STM32CubeIDE\plugins\com.st.stm32cube.common.mx_6.10.0.202311202037\\db\/plugins/mcufinder/images/
2024-02-29 19:26:23,112 [INFO] ApiDb:250 - Set database path to: C:\Users\Tiago\.stmcufinder\plugins\mcufinder//mcu/
2024-02-29 19:26:23,115 [INFO] DbMcusAds:125 - Set database path to: C:\Users\Tiago\.stmcufinder\plugins\mcufinder//mcu/
2024-02-29 19:26:23,119 [INFO] CrossReferenceDbSqlite:203 - Set database path to: C:\Users\Tiago\.stmcufinder\plugins\mcufinder//mcu/cs/
2024-02-29 19:26:23,383 [INFO] RulesReader:64 - Compatibility file has been processed (297 Rules)
2024-02-29 19:26:23,542 [INFO] DbMcusXml:78 - Set database path to: C:\ST\STM32CubeIDE_1.14.1\STM32CubeIDE\plugins\com.st.stm32cube.common.mx_6.10.0.202311202037\\db\/mcu/
2024-02-29 19:26:23,542 [INFO] ApiDb:274 - Set plugin database path to: C:\ST\STM32CubeIDE_1.14.1\STM32CubeIDE\plugins\com.st.stm32cube.common.mx_6.10.0.202311202037\\db\/plugins/boardmanager/
2024-02-29 19:26:23,543 [INFO] ApiDb:261 - Set plugin images path to: C:\ST\STM32CubeIDE_1.14.1\STM32CubeIDE\plugins\com.st.stm32cube.common.mx_6.10.0.202311202037\\db\/plugins/mcufinder/images/
2024-02-29 19:26:23,543 [WARN] DbFile:41 - Overriding database path with different value: C:\Users\Tiago\.stmcufinder\plugins\mcufinder/ => C:\Users\Tiago\.stmcufinder\plugins\mcufinder
2024-02-29 19:26:23,543 [INFO] ApiDb:250 - Set database path to: C:\Users\Tiago\.stmcufinder\plugins\mcufinder//mcu/
2024-02-29 19:26:23,544 [WARN] DbFile:41 - Overriding database path with different value: C:\Users\Tiago\.stmcufinder\plugins\mcufinder/ => C:\Users\Tiago\.stmcufinder\plugins\mcufinder
2024-02-29 19:26:23,544 [INFO] DbMcusAds:125 - Set database path to: C:\Users\Tiago\.stmcufinder\plugins\mcufinder//mcu/
2024-02-29 19:26:23,544 [WARN] DbFile:41 - Overriding database path with different value: C:\Users\Tiago\.stmcufinder\plugins\mcufinder/ => C:\Users\Tiago\.stmcufinder\plugins\mcufinder
2024-02-29 19:26:23,544 [WARN] DbFile:41 - Overriding database path with different value: C:\Users\Tiago\.stmcufinder\plugins\mcufinder/ => C:\Users\Tiago\.stmcufinder\plugins\mcufinder
2024-02-29 19:26:23,544 [INFO] CrossReferenceDbSqlite:203 - Set database path to: C:\Users\Tiago\.stmcufinder\plugins\mcufinder//mcu/cs/
2024-02-29 19:26:23,718 [INFO] MainPanel:264 - HeapMemory: 268435456
2024-02-29 19:26:23,835 [INFO] DbMcusXml:78 - Set database path to: C:\ST\STM32CubeIDE_1.14.1\STM32CubeIDE\plugins\com.st.stm32cube.common.mx_6.10.0.202311202037\\db\/mcu/
2024-02-29 19:26:23,836 [INFO] ApiDb:274 - Set plugin database path to: C:\ST\STM32CubeIDE_1.14.1\STM32CubeIDE\plugins\com.st.stm32cube.common.mx_6.10.0.202311202037\\db\/plugins/boardmanager/
2024-02-29 19:26:23,836 [INFO] ApiDb:261 - Set plugin images path to: C:\ST\STM32CubeIDE_1.14.1\STM32CubeIDE\plugins\com.st.stm32cube.common.mx_6.10.0.202311202037\\db\/plugins/mcufinder/images/
2024-02-29 19:26:23,836 [WARN] DbFile:41 - Overriding database path with different value: C:\Users\Tiago\.stmcufinder\plugins\mcufinder/ => C:\Users\Tiago\.stmcufinder\plugins\mcufinder
2024-02-29 19:26:23,837 [INFO] ApiDb:250 - Set database path to: C:\Users\Tiago\.stmcufinder\plugins\mcufinder//mcu/
2024-02-29 19:26:23,837 [WARN] DbFile:41 - Overriding database path with different value: C:\Users\Tiago\.stmcufinder\plugins\mcufinder/ => C:\Users\Tiago\.stmcufinder\plugins\mcufinder
2024-02-29 19:26:23,837 [INFO] DbMcusAds:125 - Set database path to: C:\Users\Tiago\.stmcufinder\plugins\mcufinder//mcu/
2024-02-29 19:26:23,837 [WARN] DbFile:41 - Overriding database path with different value: C:\Users\Tiago\.stmcufinder\plugins\mcufinder/ => C:\Users\Tiago\.stmcufinder\plugins\mcufinder
2024-02-29 19:26:23,837 [WARN] DbFile:41 - Overriding database path with different value: C:\Users\Tiago\.stmcufinder\plugins\mcufinder/ => C:\Users\Tiago\.stmcufinder\plugins\mcufinder
2024-02-29 19:26:23,837 [INFO] CrossReferenceDbSqlite:203 - Set database path to: C:\Users\Tiago\.stmcufinder\plugins\mcufinder//mcu/cs/
2024-02-29 19:26:23,873 [INFO] ApplicationProperties:184 - Using Application install path: C:\ST\STM32CubeIDE_1.14.1\STM32CubeIDE\plugins\com.st.stm32cube.common.mx_6.10.0.202311202037
2024-02-29 19:26:23,876 [INFO] PluginManage:196 - Search for loadable plugins [exclusion list=, ]
2024-02-29 19:26:23,878 [INFO] PluginManage:310 - Check plugin analytics
2024-02-29 19:26:24,297 [INFO] AnalyticsPlugin:253 - Accepted Software Licenses: 
2024-02-29 19:26:24,298 [INFO] AnalyticsPlugin:255 - Accepted CMSIS Pack Licenses: 
2024-02-29 19:26:24,299 [INFO] AnalyticsPlugin:257 - Accepted Firmware Licenses: 
2024-02-29 19:26:24,304 [INFO] PluginManage:359 - Loaded plugin analytics (category:tool,tabindex:-1)
2024-02-29 19:26:24,305 [INFO] PluginManage:310 - Check plugin cadmodel
2024-02-29 19:26:24,313 [INFO] CADModel:105 - Init CAD model plugin
2024-02-29 19:26:24,313 [INFO] PluginManage:359 - Loaded plugin cadmodel (category:power,tabindex:5)
2024-02-29 19:26:24,314 [INFO] PluginManage:310 - Check plugin clock
2024-02-29 19:26:24,335 [INFO] PluginManage:359 - Loaded plugin clock (category:base,tabindex:2)
2024-02-29 19:26:24,335 [INFO] PluginManage:310 - Check plugin ddr
2024-02-29 19:26:24,340 [INFO] PluginManage:359 - Loaded plugin ddr (category:tool,tabindex:6)
2024-02-29 19:26:24,340 [INFO] PluginManage:310 - Check plugin filemanager
2024-02-29 19:26:24,634 [INFO] PluginManage:359 - Loaded plugin filemanager (category:base,tabindex:10)
2024-02-29 19:26:24,634 [INFO] PluginManage:310 - Check plugin ipmanager
2024-02-29 19:26:24,658 [INFO] PluginManage:359 - Loaded plugin ipmanager (category:base,tabindex:5)
2024-02-29 19:26:24,658 [INFO] PluginManage:310 - Check plugin lpbam
2024-02-29 19:26:24,675 [INFO] PluginManage:359 - Loaded plugin lpbam (category:base,tabindex:0)
2024-02-29 19:26:24,677 [INFO] PluginManage:310 - Check plugin memorymap
2024-02-29 19:26:24,722 [INFO] PluginManage:359 - Loaded plugin memorymap (category:base,tabindex:4)
2024-02-29 19:26:24,723 [INFO] PluginManage:310 - Check plugin pinoutandconfiguration
2024-02-29 19:26:24,738 [INFO] PluginManage:359 - Loaded plugin pinoutandconfiguration (category:base,tabindex:1)
2024-02-29 19:26:24,739 [INFO] PluginManage:310 - Check plugin pinoutconfig
2024-02-29 19:26:24,926 [WARN] SupportedApi:132 - Cannot load RTOS API schema: s4s-elt-must-match.1: The content of 'definitions' must match (annotation?, (simpleType | complexType)?, (unique | key | keyref)*)). A problem was found starting at: attribute.
2024-02-29 19:26:25,197 [INFO] PluginManage:359 - Loaded plugin pinoutconfig (category:base,tabindex:0)
2024-02-29 19:26:25,197 [INFO] PluginManage:310 - Check plugin power
2024-02-29 19:26:25,215 [INFO] PluginManage:359 - Loaded plugin power (category:power,tabindex:4)
2024-02-29 19:26:25,215 [INFO] PluginManage:310 - Check plugin projectmanager
2024-02-29 19:26:25,249 [INFO] PluginManage:359 - Loaded plugin projectmanager (category:projectmanager,tabindex:3)
2024-02-29 19:26:25,250 [INFO] PluginManage:310 - Check plugin thirdparty
2024-02-29 19:26:25,515 [INFO] PluginManage:359 - Loaded plugin thirdparty (category:base,tabindex:-1)
2024-02-29 19:26:25,515 [WARN] IntegrityCheckThread:84 - waiting for thirdparty lock release [integrity check]
2024-02-29 19:26:25,515 [INFO] PluginManage:310 - Check plugin tools
2024-02-29 19:26:25,516 [INFO] IntegrityCheckThread:86 - entering critical section [integrity check]
2024-02-29 19:26:25,517 [INFO] ThirdPartyUpdaterWithRetryManager:70 - Updater plugin not ready yet. [1/15]
2024-02-29 19:26:25,520 [INFO] PluginManage:359 - Loaded plugin tools (category:base,tabindex:7)
2024-02-29 19:26:25,521 [INFO] PluginManage:310 - Check plugin tutovideos
2024-02-29 19:26:25,788 [INFO] PluginManage:359 - Loaded plugin tutovideos (category:base,tabindex:-1)
2024-02-29 19:26:25,789 [INFO] PluginManage:310 - Check plugin updater
2024-02-29 19:26:25,808 [INFO] PluginManage:359 - Loaded plugin updater (category:base,tabindex:12)
2024-02-29 19:26:25,808 [INFO] PluginManage:310 - Check plugin userauth
2024-02-29 19:26:25,819 [INFO] UserAuth:114 - Init User Auth plugin
2024-02-29 19:26:25,819 [INFO] PluginManage:359 - Loaded plugin userauth (category:base,tabindex:14)
2024-02-29 19:26:25,821 [INFO] PluginManage:283 - PluginManage : Loaded plugins [17]
2024-02-29 19:26:26,224 [INFO] PinOutPanel:1499 - setPackage(No Configuration,No Configuration)
2024-02-29 19:26:26,358 [INFO] CADModel:165 - CPN selected for project level
2024-02-29 19:26:26,358 [INFO] CADModel:114 - Register for checkConnection events
2024-02-29 19:26:26,386 [INFO] IPUIPlugin:80 - create IPUIPlugin
2024-02-29 19:26:26,386 [INFO] PluginManager:220 - loadIPPluginJar : add adc
2024-02-29 19:26:26,391 [INFO] IPUIPlugin:80 - create IPUIPlugin
2024-02-29 19:26:26,391 [INFO] PluginManager:220 - loadIPPluginJar : add aes
2024-02-29 19:26:26,396 [INFO] IPUIPlugin:80 - create IPUIPlugin
2024-02-29 19:26:26,396 [INFO] PluginManager:220 - loadIPPluginJar : add can
2024-02-29 19:26:26,399 [INFO] IPUIPlugin:80 - create IPUIPlugin
2024-02-29 19:26:26,399 [INFO] PluginManager:220 - loadIPPluginJar : add comp
2024-02-29 19:26:26,405 [INFO] IPUIPlugin:80 - create IPUIPlugin
2024-02-29 19:26:26,405 [INFO] PluginManager:220 - loadIPPluginJar : add cryp
2024-02-29 19:26:26,410 [INFO] IPUIPlugin:80 - create IPUIPlugin
2024-02-29 19:26:26,410 [INFO] PluginManager:220 - loadIPPluginJar : add dfsdm
2024-02-29 19:26:26,419 [INFO] IPUIPlugin:80 - create IPUIPlugin
2024-02-29 19:26:26,420 [INFO] PluginManager:220 - loadIPPluginJar : add dma
2024-02-29 19:26:26,425 [INFO] IPUIPlugin:80 - create IPUIPlugin
2024-02-29 19:26:26,425 [INFO] PluginManager:220 - loadIPPluginJar : add dma3
2024-02-29 19:26:26,428 [INFO] IPUIPlugin:80 - create IPUIPlugin
2024-02-29 19:26:26,428 [INFO] PluginManager:220 - loadIPPluginJar : add fatfs
2024-02-29 19:26:26,436 [INFO] IPUIPlugin:80 - create IPUIPlugin
2024-02-29 19:26:26,437 [INFO] PluginManager:220 - loadIPPluginJar : add fmc
2024-02-29 19:26:26,447 [INFO] IPUIPlugin:80 - create IPUIPlugin
2024-02-29 19:26:26,448 [INFO] PluginManager:220 - loadIPPluginJar : add freertos
2024-02-29 19:26:26,450 [INFO] IPUIPlugin:80 - create IPUIPlugin
2024-02-29 19:26:26,450 [INFO] PluginManager:220 - loadIPPluginJar : add genericplugin
2024-02-29 19:26:26,454 [INFO] IPUIPlugin:80 - create IPUIPlugin
2024-02-29 19:26:26,455 [INFO] PluginManager:220 - loadIPPluginJar : add gfxmmu
2024-02-29 19:26:26,466 [INFO] IPUIPlugin:80 - create IPUIPlugin
2024-02-29 19:26:26,466 [INFO] PluginManager:220 - loadIPPluginJar : add gic
2024-02-29 19:26:26,473 [INFO] IPUIPlugin:80 - create IPUIPlugin
2024-02-29 19:26:26,474 [INFO] PluginManager:220 - loadIPPluginJar : add gpio
2024-02-29 19:26:26,478 [INFO] IPUIPlugin:80 - create IPUIPlugin
2024-02-29 19:26:26,479 [INFO] PluginManager:220 - loadIPPluginJar : add gtzc
2024-02-29 19:26:26,483 [INFO] IPUIPlugin:80 - create IPUIPlugin
2024-02-29 19:26:26,483 [INFO] PluginManager:220 - loadIPPluginJar : add hash
2024-02-29 19:26:26,488 [INFO] IPUIPlugin:80 - create IPUIPlugin
2024-02-29 19:26:26,488 [INFO] PluginManager:220 - loadIPPluginJar : add i2c
2024-02-29 19:26:26,493 [INFO] IPUIPlugin:80 - create IPUIPlugin
2024-02-29 19:26:26,493 [INFO] PluginManager:220 - loadIPPluginJar : add i2s
2024-02-29 19:26:26,498 [INFO] IPUIPlugin:80 - create IPUIPlugin
2024-02-29 19:26:26,498 [INFO] PluginManager:220 - loadIPPluginJar : add i3c
2024-02-29 19:26:26,503 [INFO] IPUIPlugin:80 - create IPUIPlugin
2024-02-29 19:26:26,504 [INFO] PluginManager:220 - loadIPPluginJar : add ipddr
2024-02-29 19:26:26,515 [INFO] IPUIPlugin:80 - create IPUIPlugin
2024-02-29 19:26:26,515 [INFO] PluginManager:220 - loadIPPluginJar : add linkedlist
2024-02-29 19:26:26,520 [INFO] IPUIPlugin:80 - create IPUIPlugin
2024-02-29 19:26:26,521 [INFO] PluginManager:220 - loadIPPluginJar : add lorawan
2024-02-29 19:26:26,523 [INFO] IPUIPlugin:80 - create IPUIPlugin
2024-02-29 19:26:26,524 [INFO] PluginManager:220 - loadIPPluginJar : add ltdc
2024-02-29 19:26:26,535 [INFO] IPUIPlugin:80 - create IPUIPlugin
2024-02-29 19:26:26,536 [INFO] PluginManager:220 - loadIPPluginJar : add mdma
2024-02-29 19:26:26,542 [INFO] IPUIPlugin:80 - create IPUIPlugin
2024-02-29 19:26:26,542 [INFO] PluginManager:220 - loadIPPluginJar : add nvic
2024-02-29 19:26:26,549 [INFO] IPUIPlugin:80 - create IPUIPlugin
2024-02-29 19:26:26,549 [INFO] PluginManager:220 - loadIPPluginJar : add opamp
2024-02-29 19:26:26,556 [INFO] IPUIPlugin:80 - create IPUIPlugin
2024-02-29 19:26:26,556 [INFO] PluginManager:220 - loadIPPluginJar : add openamp
2024-02-29 19:26:26,564 [INFO] IPUIPlugin:80 - create IPUIPlugin
2024-02-29 19:26:26,564 [INFO] PluginManager:220 - loadIPPluginJar : add pdm2pcm
2024-02-29 19:26:26,576 [INFO] IPUIPlugin:80 - create IPUIPlugin
2024-02-29 19:26:26,582 [INFO] PluginManager:220 - loadIPPluginJar : add plateformsettings
2024-02-29 19:26:26,585 [INFO] IPUIPlugin:80 - create IPUIPlugin
2024-02-29 19:26:26,586 [INFO] PluginManager:220 - loadIPPluginJar : add quadspi
2024-02-29 19:26:26,592 [INFO] IPUIPlugin:80 - create IPUIPlugin
2024-02-29 19:26:26,592 [INFO] PluginManager:220 - loadIPPluginJar : add resmgrutility
2024-02-29 19:26:26,599 [INFO] IPUIPlugin:80 - create IPUIPlugin
2024-02-29 19:26:26,599 [INFO] PluginManager:220 - loadIPPluginJar : add sai
2024-02-29 19:26:26,604 [INFO] IPUIPlugin:80 - create IPUIPlugin
2024-02-29 19:26:26,605 [INFO] PluginManager:220 - loadIPPluginJar : add spi
2024-02-29 19:26:26,616 [INFO] IPUIPlugin:80 - create IPUIPlugin
2024-02-29 19:26:26,616 [INFO] PluginManager:220 - loadIPPluginJar : add stm32_wpan
2024-02-29 19:26:26,620 [INFO] IPUIPlugin:80 - create IPUIPlugin
2024-02-29 19:26:26,620 [INFO] PluginManager:220 - loadIPPluginJar : add tim
2024-02-29 19:26:26,627 [INFO] IPUIPlugin:80 - create IPUIPlugin
2024-02-29 19:26:26,627 [INFO] PluginManager:220 - loadIPPluginJar : add touchsensing
2024-02-29 19:26:26,631 [INFO] IPUIPlugin:80 - create IPUIPlugin
2024-02-29 19:26:26,632 [INFO] PluginManager:220 - loadIPPluginJar : add tracer_emb
2024-02-29 19:26:26,636 [INFO] IPUIPlugin:80 - create IPUIPlugin
2024-02-29 19:26:26,636 [INFO] PluginManager:220 - loadIPPluginJar : add ts
2024-02-29 19:26:26,640 [INFO] IPUIPlugin:80 - create IPUIPlugin
2024-02-29 19:26:26,640 [INFO] PluginManager:220 - loadIPPluginJar : add tsc
2024-02-29 19:26:26,643 [INFO] IPUIPlugin:80 - create IPUIPlugin
2024-02-29 19:26:26,644 [INFO] PluginManager:220 - loadIPPluginJar : add ucpd
2024-02-29 19:26:26,649 [INFO] IPUIPlugin:80 - create IPUIPlugin
2024-02-29 19:26:26,649 [INFO] PluginManager:220 - loadIPPluginJar : add usart
2024-02-29 19:26:26,655 [INFO] IPUIPlugin:80 - create IPUIPlugin
2024-02-29 19:26:26,655 [INFO] PluginManager:220 - loadIPPluginJar : add usbx
2024-02-29 19:26:26,844 [INFO] CADModel:165 - CPN selected for project level
2024-02-29 19:26:26,844 [INFO] CADModel:114 - Register for checkConnection events
2024-02-29 19:26:26,844 [FATAL] Updater:308 - Updater called before beeing initialized
2024-02-29 19:26:26,845 [ERROR] CADModel:125 - Updater not yet initialized, retry later 
2024-02-29 19:26:27,086 [INFO] CADModel:165 - CPN selected for project level
2024-02-29 19:26:27,086 [INFO] CADModel:114 - Register for checkConnection events
2024-02-29 19:26:27,086 [FATAL] Updater:308 - Updater called before beeing initialized
2024-02-29 19:26:27,087 [ERROR] CADModel:125 - Updater not yet initialized, retry later 
2024-02-29 19:26:27,092 [FATAL] Updater:308 - Updater called before beeing initialized
2024-02-29 19:26:27,286 [FATAL] Updater:308 - Updater called before beeing initialized
2024-02-29 19:26:27,295 [INFO] DbMcusAds:53 - JSON generation date=Wed Nov 29 21:52:27 AEDT 2023 (1701255147349)
2024-02-29 19:26:27,296 [FATAL] Updater:308 - Updater called before beeing initialized
2024-02-29 19:26:27,359 [WARN] DetailPanel:346 - Failed to get advertising image, set to default
2024-02-29 19:26:27,535 [FATAL] Updater:308 - Updater called before beeing initialized
2024-02-29 19:26:27,538 [FATAL] Updater:308 - Updater called before beeing initialized
2024-02-29 19:26:27,538 [FATAL] Updater:308 - Updater called before beeing initialized
2024-02-29 19:26:27,538 [WARN] DetailPanel:346 - Failed to get advertising image, set to default
2024-02-29 19:26:27,540 [FATAL] Updater:308 - Updater called before beeing initialized
2024-02-29 19:26:27,649 [ERROR] Updater:1120 - MainUpdater not yet initialized. External WinMGr cannot be set.
2024-02-29 19:26:27,652 [INFO] Updater:1056 - Updater Version found : 6.10.0
2024-02-29 19:26:27,685 [INFO] ApplicationProperties:184 - Using Application install path: C:\ST\STM32CubeIDE_1.14.1\STM32CubeIDE\plugins\com.st.stm32cube.common.mx_6.10.0.202311202037
2024-02-29 19:26:28,519 [INFO] ThirdPartyUpdaterWithRetryManager:70 - Updater plugin not ready yet. [2/15]
2024-02-29 19:26:29,279 [ERROR] LogOutputStream:75 - [STDERR_REDIRECT] Feb 29, 2024 7:26:29 PM java.util.prefs.WindowsPreferences <init>
2024-02-29 19:26:29,296 [ERROR] LogOutputStream:75 - [STDERR_REDIRECT] WARNING: Could not open/create prefs root node Software\JavaSoft\Prefs at root 0xffffffff80000002. Windows RegCreateKeyEx(...) returned error code 5.
2024-02-29 19:26:29,298 [ERROR] LogOutputStream:75 - [STDERR_REDIRECT] 
2024-02-29 19:26:29,832 [INFO] MainUpdater:2873 - connection check result : 10
2024-02-29 19:26:29,834 [INFO] MainUpdater:290 - Updater Check For Update Now.
2024-02-29 19:26:29,836 [INFO] MicroXplorer:498 - Change Database Version : DB.6.0.100
2024-02-29 19:26:29,854 [INFO] McuFinderGlobals:63 - Set McuFinder mode to 2 (CubeIDE integrated)
2024-02-29 19:26:29,854 [INFO] UserAuth:180 - activating auth plugin
2024-02-29 19:26:29,860 [INFO] UserAuth:404 - Internet connection configuration mode: 1
2024-02-29 19:26:29,900 [INFO] JxBrowserEngine:152 - Initiate JxBrowser Engine with user profile folder
2024-02-29 19:26:30,100 [INFO] CheckServerUpdateThread:120 - End of CheckServer Thread
2024-02-29 19:26:31,093 [INFO] WebApp:161 - Instantiating new browser for Auth
2024-02-29 19:26:31,904 [WARN] PackLoader:240 - Cannot read IP mode file for STMicroelectronics.X-CUBE-SMBUS.2.1.0
2024-02-29 19:26:31,929 [WARN] PackLoader:240 - Cannot read IP mode file for STMicroelectronics.X-CUBE-TOUCHGFX.4.23.0
2024-02-29 19:26:31,999 [WARN] PackLoader:240 - Cannot read IP mode file for STMicroelectronics.X-CUBE-AZRTOS-F7.1.1.0
2024-02-29 19:26:32,019 [WARN] PackLoader:240 - Cannot read IP mode file for STMicroelectronics.FP-SNS-MOTENV1.4.3.2
2024-02-29 19:26:32,033 [WARN] PackLoader:240 - Cannot read IP mode file for STMicroelectronics.FP-SNS-FLIGHT1.5.0.2
2024-02-29 19:26:32,054 [WARN] PackLoader:240 - Cannot read IP mode file for STMicroelectronics.X-CUBE-DISPLAY.3.0.0
2024-02-29 19:26:32,092 [WARN] PackLoader:240 - Cannot read IP mode file for STMicroelectronics.X-CUBE-BLE1.7.0.0
2024-02-29 19:26:32,103 [WARN] PackLoader:240 - Cannot read IP mode file for emotas.I-CUBE-CANOPEN.1.3.0
2024-02-29 19:26:32,132 [WARN] PackLoader:240 - Cannot read IP mode file for STMicroelectronics.X-CUBE-BLEMGR.3.1.0
2024-02-29 19:26:32,147 [WARN] PackLoader:240 - Cannot read IP mode file for STMicroelectronics.FP-SNS-SMARTAG2.1.2.0
2024-02-29 19:26:32,173 [INFO] LogOutputStream:77 - [STDOUT_REDIRECT] 1 : Invalid condition id : UX_CORESTACK_Condition cause : null
2024-02-29 19:26:32,174 [INFO] LogOutputStream:77 - [STDOUT_REDIRECT] 1 : Invalid condition id : UX_CORESTACK_Condition cause : null
2024-02-29 19:26:32,176 [INFO] LogOutputStream:77 - [STDOUT_REDIRECT] 1 : Invalid condition id : UX_CORESTACK_Condition cause : null
2024-02-29 19:26:32,179 [INFO] LogOutputStream:77 - [STDOUT_REDIRECT] 1 : Invalid condition id : UX_CORESTACK_Condition cause : null
2024-02-29 19:26:32,183 [INFO] LogOutputStream:77 - [STDOUT_REDIRECT] 1 : Invalid condition id : UX_CORESTACK_Condition cause : null
2024-02-29 19:26:32,197 [WARN] PackLoader:240 - Cannot read IP mode file for STMicroelectronics.X-CUBE-AZRTOS-WL.2.0.0
2024-02-29 19:26:32,219 [WARN] PackLoader:240 - Cannot read IP mode file for WES.I-CUBE-Cesium.1.3.0
2024-02-29 19:26:32,231 [WARN] PackLoader:240 - Cannot read IP mode file for STMicroelectronics.X-CUBE-BLE2.3.3.0
2024-02-29 19:26:32,246 [WARN] PackLoader:240 - Cannot read IP mode file for STMicroelectronics.X-CUBE-ALGOBUILD.1.3.0
2024-02-29 19:26:32,303 [WARN] PackLoader:240 - Cannot read IP mode file for STMicroelectronics.X-CUBE-AZRTOS-G0.1.1.0
2024-02-29 19:26:32,321 [WARN] PackLoader:240 - Cannot read IP mode file for STMicroelectronics.X-CUBE-NFC4.3.0.0
2024-02-29 19:26:32,349 [WARN] PackLoader:240 - Cannot read IP mode file for STMicroelectronics.X-CUBE-BLEMGR.3.0.0
2024-02-29 19:26:32,363 [WARN] PackLoader:240 - Cannot read IP mode file for STMicroelectronics.FP-ATR-SIGFOX1.3.2.0
2024-02-29 19:26:32,377 [WARN] PackLoader:240 - Cannot read IP mode file for STMicroelectronics.X-CUBE-EEPRMA1.5.1.0
2024-02-29 19:26:32,414 [INFO] WebApp:780 - Register for checkConnection events
2024-02-29 19:26:32,414 [INFO] WebApp:414 - Apply proxy settings
2024-02-29 19:26:32,415 [INFO] WebApp:499 - Chromium requires no authentication
2024-02-29 19:26:32,435 [INFO] WebApp:442 - Direct internet connection detected
2024-02-29 19:26:32,454 [WARN] PackLoader:240 - Cannot read IP mode file for SEGGER.I-CUBE-embOS.1.3.1
2024-02-29 19:26:32,546 [WARN] PackLoader:240 - Cannot read IP mode file for STMicroelectronics.X-CUBE-GNSS1.6.0.0
2024-02-29 19:26:32,610 [WARN] PackLoader:240 - Cannot read IP mode file for STMicroelectronics.X-CUBE-AZRTOS-F4.1.1.0
2024-02-29 19:26:32,623 [WARN] PackLoader:240 - Cannot read IP mode file for wolfSSL.I-CUBE-wolfSSL.5.6.6
2024-02-29 19:26:32,670 [WARN] PackLoader:240 - Cannot read IP mode file for STMicroelectronics.X-CUBE-AZRTOS-L5.2.0.0
2024-02-29 19:26:32,682 [WARN] PackLoader:240 - Cannot read IP mode file for ITTIA_DB.I-CUBE-ITTIADB.8.8.0
2024-02-29 19:26:32,693 [WARN] PackLoader:240 - Cannot read IP mode file for STMicroelectronics.X-CUBE-NFC7.1.0.1
2024-02-29 19:26:32,705 [WARN] PackLoader:240 - Cannot read IP mode file for STMicroelectronics.X-CUBE-NFC6.3.0.0
2024-02-29 19:26:32,715 [WARN] PackLoader:240 - Cannot read IP mode file for STMicroelectronics.X-CUBE-AI.8.1.0
2024-02-29 19:26:32,742 [WARN] ConditionMgr:438 - getConditionDescription Invalid condition id : LAN8742 Phy interface Condition cause : null
2024-02-29 19:26:32,743 [WARN] PackLoader:240 - Cannot read IP mode file for STMicroelectronics.X-CUBE-AZRTOS-L4.2.0.0
2024-02-29 19:26:32,745 [WARN] ConditionMgr:1039 - genDependencies : Invalid condition id : LAN8742 Phy interface Condition cause : null
2024-02-29 19:26:32,745 [WARN] ConditionMgr:1039 - genDependencies : Invalid condition id : LAN8742 Phy interface Condition cause : null
2024-02-29 19:26:32,746 [WARN] ConditionMgr:1039 - genDependencies : Invalid condition id : LAN8742 Phy interface Condition cause : null
2024-02-29 19:26:32,758 [WARN] PackLoader:240 - Cannot read IP mode file for STMicroelectronics.X-CUBE-SFXS2LP1.4.0.0
2024-02-29 19:26:32,778 [WARN] ConditionMgr:438 - getConditionDescription Invalid condition id : UX DEVICE CLASS RTOS Condition cause : null
2024-02-29 19:26:32,779 [WARN] ConditionMgr:438 - getConditionDescription Invalid condition id : UX DEVICE CLASS RTOS Condition cause : null
2024-02-29 19:26:32,783 [WARN] PackLoader:240 - Cannot read IP mode file for STMicroelectronics.X-CUBE-AZRTOS-WB.2.0.0
2024-02-29 19:26:32,784 [WARN] ConditionMgr:1039 - genDependencies : Invalid condition id : UX DEVICE CLASS RTOS Condition cause : null
2024-02-29 19:26:32,784 [WARN] ConditionMgr:1039 - genDependencies : Invalid condition id : UX DEVICE CLASS RTOS Condition cause : null
2024-02-29 19:26:32,785 [WARN] ConditionMgr:1039 - genDependencies : Invalid condition id : UX DEVICE CLASS RTOS Condition cause : null
2024-02-29 19:26:32,786 [WARN] ConditionMgr:1039 - genDependencies : Invalid condition id : UX DEVICE CLASS RTOS Condition cause : null
2024-02-29 19:26:32,786 [WARN] ConditionMgr:1039 - genDependencies : Invalid condition id : UX DEVICE CLASS RTOS Condition cause : null
2024-02-29 19:26:32,804 [WARN] PackLoader:240 - Cannot read IP mode file for STMicroelectronics.X-CUBE-SUBG2.5.0.0
2024-02-29 19:26:32,837 [WARN] PackLoader:240 - Cannot read IP mode file for STMicroelectronics.X-CUBE-AZRTOS-G4.2.0.0
2024-02-29 19:26:32,863 [WARN] PackLoader:240 - Cannot read IP mode file for Infineon.AIROC-Wi-Fi-Bluetooth-STM32.1.5.1
2024-02-29 19:26:32,877 [WARN] PackLoader:240 - Cannot read IP mode file for STMicroelectronics.FP-SNS-MOTENVWB1.1.3.1
2024-02-29 19:26:32,883 [WARN] PackLoader:240 - Cannot read IP mode file for STMicroelectronics.X-CUBE-ISPU.2.0.0
2024-02-29 19:26:32,963 [WARN] PackLoader:240 - Cannot read IP mode file for STMicroelectronics.X-CUBE-MEMS1.10.0.0
2024-02-29 19:26:33,114 [INFO] WebApp:192 - Starting web application
2024-02-29 19:26:33,114 [INFO] WebApp:544 - Web application path used C:\ST\STM32CubeIDE_1.14.1\STM32CubeIDE\plugins\com.st.stm32cube.common.mx_6.10.0.202311202037\db\plugins\mcufinder\reactClient1\index.html
2024-02-29 19:26:33,184 [WARN] PackLoader:240 - Cannot read IP mode file for STMicroelectronics.X-CUBE-FREERTOS.1.1.0
2024-02-29 19:26:33,193 [WARN] PackLoader:240 - Cannot read IP mode file for portGmbH.I-Cube-SoM-uGOAL.1.1.0
2024-02-29 19:26:33,199 [WARN] PackLoader:240 - Cannot read IP mode file for STMicroelectronics.X-CUBE-ALS.1.0.1
2024-02-29 19:26:33,205 [WARN] PackLoader:240 - Cannot read IP mode file for STMicroelectronics.FP-ATR-ASTRA1.2.0.0
2024-02-29 19:26:33,220 [WARN] PackLoader:240 - Cannot read IP mode file for STMicroelectronics.X-CUBE-TOF1.3.4.0
2024-02-29 19:26:33,271 [WARN] PackLoader:240 - Cannot read IP mode file for STMicroelectronics.X-CUBE-AZRTOS-H7.3.2.0
2024-02-29 19:26:33,278 [INFO] ThirdParty:978 - Integrity check success = true
2024-02-29 19:26:33,278 [INFO] IntegrityCheckThread:100 - exiting critical section [integrity check]
2024-02-29 19:26:33,279 [INFO] IntegrityCheckThread:103 - End integrity checks thread
2024-02-29 19:26:54,703 [ERROR] LogOutputStream:75 - [STDERR_REDIRECT] SLF4J: Failed to load class "org.slf4j.impl.StaticLoggerBinder".
2024-02-29 19:26:54,705 [ERROR] LogOutputStream:75 - [STDERR_REDIRECT] SLF4J: Defaulting to no-operation (NOP) logger implementation
2024-02-29 19:26:54,708 [ERROR] LogOutputStream:75 - [STDERR_REDIRECT] SLF4J: See http://www.slf4j.org/codes.html#StaticLoggerBinder for further details.
2024-02-29 19:28:59,902 [ERROR] LogOutputStream:75 - [STDERR_REDIRECT] 
