2024-03-13 19:24:18,961 [INFO] Activator:176 - 


2024-03-13 19:24:18,972 [INFO] Activator:177 - !SESSION log4j initialized
2024-03-13 19:24:23,820 [INFO] LogOutputStream:77 - [STDOUT_REDIRECT] 
2024-03-13 19:24:27,107 [INFO] ApplicationProperties:184 - Using Application install path: C:\ST\STM32CubeIDE_1.14.1\STM32CubeIDE\plugins\com.st.stm32cube.common.mx_6.10.0.202311202037
2024-03-13 19:24:27,144 [INFO] DbMcusXml:78 - Set database path to: C:\ST\STM32CubeIDE_1.14.1\STM32CubeIDE\plugins\com.st.stm32cube.common.mx_6.10.0.202311202037\\db\/mcu/
2024-03-13 19:24:27,144 [INFO] ApiDb:274 - Set plugin database path to: C:\ST\STM32CubeIDE_1.14.1\STM32CubeIDE\plugins\com.st.stm32cube.common.mx_6.10.0.202311202037\\db\/plugins/boardmanager/
2024-03-13 19:24:27,145 [WARN] ApiDb:259 - Overriding images path with different value:  => C:\ST\STM32CubeIDE_1.14.1\STM32CubeIDE\plugins\com.st.stm32cube.common.mx_6.10.0.202311202037\\db\/plugins/mcufinder/images/
2024-03-13 19:24:27,155 [INFO] ApiDb:250 - Set database path to: C:\Users\Tiago\.stmcufinder\plugins\mcufinder//mcu/
2024-03-13 19:24:27,157 [INFO] DbMcusAds:125 - Set database path to: C:\Users\Tiago\.stmcufinder\plugins\mcufinder//mcu/
2024-03-13 19:24:27,161 [INFO] CrossReferenceDbSqlite:203 - Set database path to: C:\Users\Tiago\.stmcufinder\plugins\mcufinder//mcu/cs/
2024-03-13 19:24:27,391 [INFO] RulesReader:64 - Compatibility file has been processed (297 Rules)
2024-03-13 19:24:27,547 [INFO] DbMcusXml:78 - Set database path to: C:\ST\STM32CubeIDE_1.14.1\STM32CubeIDE\plugins\com.st.stm32cube.common.mx_6.10.0.202311202037\\db\/mcu/
2024-03-13 19:24:27,549 [INFO] ApiDb:274 - Set plugin database path to: C:\ST\STM32CubeIDE_1.14.1\STM32CubeIDE\plugins\com.st.stm32cube.common.mx_6.10.0.202311202037\\db\/plugins/boardmanager/
2024-03-13 19:24:27,549 [INFO] ApiDb:261 - Set plugin images path to: C:\ST\STM32CubeIDE_1.14.1\STM32CubeIDE\plugins\com.st.stm32cube.common.mx_6.10.0.202311202037\\db\/plugins/mcufinder/images/
2024-03-13 19:24:27,549 [WARN] DbFile:41 - Overriding database path with different value: C:\Users\Tiago\.stmcufinder\plugins\mcufinder/ => C:\Users\Tiago\.stmcufinder\plugins\mcufinder
2024-03-13 19:24:27,549 [INFO] ApiDb:250 - Set database path to: C:\Users\Tiago\.stmcufinder\plugins\mcufinder//mcu/
2024-03-13 19:24:27,550 [WARN] DbFile:41 - Overriding database path with different value: C:\Users\Tiago\.stmcufinder\plugins\mcufinder/ => C:\Users\Tiago\.stmcufinder\plugins\mcufinder
2024-03-13 19:24:27,550 [INFO] DbMcusAds:125 - Set database path to: C:\Users\Tiago\.stmcufinder\plugins\mcufinder//mcu/
2024-03-13 19:24:27,550 [WARN] DbFile:41 - Overriding database path with different value: C:\Users\Tiago\.stmcufinder\plugins\mcufinder/ => C:\Users\Tiago\.stmcufinder\plugins\mcufinder
2024-03-13 19:24:27,550 [WARN] DbFile:41 - Overriding database path with different value: C:\Users\Tiago\.stmcufinder\plugins\mcufinder/ => C:\Users\Tiago\.stmcufinder\plugins\mcufinder
2024-03-13 19:24:27,550 [INFO] CrossReferenceDbSqlite:203 - Set database path to: C:\Users\Tiago\.stmcufinder\plugins\mcufinder//mcu/cs/
2024-03-13 19:24:27,700 [INFO] MainPanel:264 - HeapMemory: 268435456
2024-03-13 19:24:27,820 [INFO] DbMcusXml:78 - Set database path to: C:\ST\STM32CubeIDE_1.14.1\STM32CubeIDE\plugins\com.st.stm32cube.common.mx_6.10.0.202311202037\\db\/mcu/
2024-03-13 19:24:27,820 [INFO] ApiDb:274 - Set plugin database path to: C:\ST\STM32CubeIDE_1.14.1\STM32CubeIDE\plugins\com.st.stm32cube.common.mx_6.10.0.202311202037\\db\/plugins/boardmanager/
2024-03-13 19:24:27,820 [INFO] ApiDb:261 - Set plugin images path to: C:\ST\STM32CubeIDE_1.14.1\STM32CubeIDE\plugins\com.st.stm32cube.common.mx_6.10.0.202311202037\\db\/plugins/mcufinder/images/
2024-03-13 19:24:27,820 [WARN] DbFile:41 - Overriding database path with different value: C:\Users\Tiago\.stmcufinder\plugins\mcufinder/ => C:\Users\Tiago\.stmcufinder\plugins\mcufinder
2024-03-13 19:24:27,821 [INFO] ApiDb:250 - Set database path to: C:\Users\Tiago\.stmcufinder\plugins\mcufinder//mcu/
2024-03-13 19:24:27,821 [WARN] DbFile:41 - Overriding database path with different value: C:\Users\Tiago\.stmcufinder\plugins\mcufinder/ => C:\Users\Tiago\.stmcufinder\plugins\mcufinder
2024-03-13 19:24:27,821 [INFO] DbMcusAds:125 - Set database path to: C:\Users\Tiago\.stmcufinder\plugins\mcufinder//mcu/
2024-03-13 19:24:27,822 [WARN] DbFile:41 - Overriding database path with different value: C:\Users\Tiago\.stmcufinder\plugins\mcufinder/ => C:\Users\Tiago\.stmcufinder\plugins\mcufinder
2024-03-13 19:24:27,822 [WARN] DbFile:41 - Overriding database path with different value: C:\Users\Tiago\.stmcufinder\plugins\mcufinder/ => C:\Users\Tiago\.stmcufinder\plugins\mcufinder
2024-03-13 19:24:27,822 [INFO] CrossReferenceDbSqlite:203 - Set database path to: C:\Users\Tiago\.stmcufinder\plugins\mcufinder//mcu/cs/
2024-03-13 19:24:27,854 [INFO] ApplicationProperties:184 - Using Application install path: C:\ST\STM32CubeIDE_1.14.1\STM32CubeIDE\plugins\com.st.stm32cube.common.mx_6.10.0.202311202037
2024-03-13 19:24:27,857 [INFO] PluginManage:196 - Search for loadable plugins [exclusion list=, ]
2024-03-13 19:24:27,860 [INFO] PluginManage:310 - Check plugin analytics
2024-03-13 19:24:28,262 [INFO] AnalyticsPlugin:253 - Accepted Software Licenses: 
2024-03-13 19:24:28,263 [INFO] AnalyticsPlugin:255 - Accepted CMSIS Pack Licenses: 
2024-03-13 19:24:28,264 [INFO] AnalyticsPlugin:257 - Accepted Firmware Licenses: 
2024-03-13 19:24:28,271 [INFO] PluginManage:359 - Loaded plugin analytics (category:tool,tabindex:-1)
2024-03-13 19:24:28,273 [INFO] PluginManage:310 - Check plugin cadmodel
2024-03-13 19:24:28,284 [INFO] CADModel:105 - Init CAD model plugin
2024-03-13 19:24:28,285 [INFO] PluginManage:359 - Loaded plugin cadmodel (category:power,tabindex:5)
2024-03-13 19:24:28,286 [INFO] PluginManage:310 - Check plugin clock
2024-03-13 19:24:28,312 [INFO] PluginManage:359 - Loaded plugin clock (category:base,tabindex:2)
2024-03-13 19:24:28,312 [INFO] PluginManage:310 - Check plugin ddr
2024-03-13 19:24:28,317 [INFO] PluginManage:359 - Loaded plugin ddr (category:tool,tabindex:6)
2024-03-13 19:24:28,317 [INFO] PluginManage:310 - Check plugin filemanager
2024-03-13 19:24:28,600 [INFO] PluginManage:359 - Loaded plugin filemanager (category:base,tabindex:10)
2024-03-13 19:24:28,600 [INFO] PluginManage:310 - Check plugin ipmanager
2024-03-13 19:24:28,611 [INFO] PluginManage:359 - Loaded plugin ipmanager (category:base,tabindex:5)
2024-03-13 19:24:28,612 [INFO] PluginManage:310 - Check plugin lpbam
2024-03-13 19:24:28,627 [INFO] PluginManage:359 - Loaded plugin lpbam (category:base,tabindex:0)
2024-03-13 19:24:28,628 [INFO] PluginManage:310 - Check plugin memorymap
2024-03-13 19:24:28,644 [INFO] PluginManage:359 - Loaded plugin memorymap (category:base,tabindex:4)
2024-03-13 19:24:28,645 [INFO] PluginManage:310 - Check plugin pinoutandconfiguration
2024-03-13 19:24:28,656 [INFO] PluginManage:359 - Loaded plugin pinoutandconfiguration (category:base,tabindex:1)
2024-03-13 19:24:28,656 [INFO] PluginManage:310 - Check plugin pinoutconfig
2024-03-13 19:24:28,831 [WARN] SupportedApi:132 - Cannot load RTOS API schema: s4s-elt-must-match.1: The content of 'definitions' must match (annotation?, (simpleType | complexType)?, (unique | key | keyref)*)). A problem was found starting at: attribute.
2024-03-13 19:24:29,068 [INFO] PluginManage:359 - Loaded plugin pinoutconfig (category:base,tabindex:0)
2024-03-13 19:24:29,068 [INFO] PluginManage:310 - Check plugin power
2024-03-13 19:24:29,087 [INFO] PluginManage:359 - Loaded plugin power (category:power,tabindex:4)
2024-03-13 19:24:29,087 [INFO] PluginManage:310 - Check plugin projectmanager
2024-03-13 19:24:29,127 [INFO] PluginManage:359 - Loaded plugin projectmanager (category:projectmanager,tabindex:3)
2024-03-13 19:24:29,128 [INFO] PluginManage:310 - Check plugin thirdparty
2024-03-13 19:24:29,389 [INFO] PluginManage:359 - Loaded plugin thirdparty (category:base,tabindex:-1)
2024-03-13 19:24:29,389 [WARN] IntegrityCheckThread:84 - waiting for thirdparty lock release [integrity check]
2024-03-13 19:24:29,390 [INFO] PluginManage:310 - Check plugin tools
2024-03-13 19:24:29,390 [INFO] IntegrityCheckThread:86 - entering critical section [integrity check]
2024-03-13 19:24:29,390 [INFO] ThirdPartyUpdaterWithRetryManager:70 - Updater plugin not ready yet. [1/15]
2024-03-13 19:24:29,395 [INFO] PluginManage:359 - Loaded plugin tools (category:base,tabindex:7)
2024-03-13 19:24:29,395 [INFO] PluginManage:310 - Check plugin tutovideos
2024-03-13 19:24:29,676 [INFO] PluginManage:359 - Loaded plugin tutovideos (category:base,tabindex:-1)
2024-03-13 19:24:29,676 [INFO] PluginManage:310 - Check plugin updater
2024-03-13 19:24:29,695 [INFO] PluginManage:359 - Loaded plugin updater (category:base,tabindex:12)
2024-03-13 19:24:29,695 [INFO] PluginManage:310 - Check plugin userauth
2024-03-13 19:24:29,704 [INFO] UserAuth:114 - Init User Auth plugin
2024-03-13 19:24:29,704 [INFO] PluginManage:359 - Loaded plugin userauth (category:base,tabindex:14)
2024-03-13 19:24:29,705 [INFO] PluginManage:283 - PluginManage : Loaded plugins [17]
2024-03-13 19:24:30,080 [INFO] PinOutPanel:1499 - setPackage(No Configuration,No Configuration)
2024-03-13 19:24:30,225 [INFO] CADModel:165 - CPN selected for project level
2024-03-13 19:24:30,226 [INFO] CADModel:114 - Register for checkConnection events
2024-03-13 19:24:30,254 [INFO] IPUIPlugin:80 - create IPUIPlugin
2024-03-13 19:24:30,254 [INFO] PluginManager:220 - loadIPPluginJar : add adc
2024-03-13 19:24:30,259 [INFO] IPUIPlugin:80 - create IPUIPlugin
2024-03-13 19:24:30,259 [INFO] PluginManager:220 - loadIPPluginJar : add aes
2024-03-13 19:24:30,264 [INFO] IPUIPlugin:80 - create IPUIPlugin
2024-03-13 19:24:30,264 [INFO] PluginManager:220 - loadIPPluginJar : add can
2024-03-13 19:24:30,267 [INFO] IPUIPlugin:80 - create IPUIPlugin
2024-03-13 19:24:30,268 [INFO] PluginManager:220 - loadIPPluginJar : add comp
2024-03-13 19:24:30,274 [INFO] IPUIPlugin:80 - create IPUIPlugin
2024-03-13 19:24:30,274 [INFO] PluginManager:220 - loadIPPluginJar : add cryp
2024-03-13 19:24:30,279 [INFO] IPUIPlugin:80 - create IPUIPlugin
2024-03-13 19:24:30,279 [INFO] PluginManager:220 - loadIPPluginJar : add dfsdm
2024-03-13 19:24:30,289 [INFO] IPUIPlugin:80 - create IPUIPlugin
2024-03-13 19:24:30,291 [INFO] PluginManager:220 - loadIPPluginJar : add dma
2024-03-13 19:24:30,296 [INFO] IPUIPlugin:80 - create IPUIPlugin
2024-03-13 19:24:30,297 [INFO] PluginManager:220 - loadIPPluginJar : add dma3
2024-03-13 19:24:30,300 [INFO] IPUIPlugin:80 - create IPUIPlugin
2024-03-13 19:24:30,300 [INFO] PluginManager:220 - loadIPPluginJar : add fatfs
2024-03-13 19:24:30,308 [INFO] IPUIPlugin:80 - create IPUIPlugin
2024-03-13 19:24:30,309 [INFO] PluginManager:220 - loadIPPluginJar : add fmc
2024-03-13 19:24:30,318 [INFO] IPUIPlugin:80 - create IPUIPlugin
2024-03-13 19:24:30,319 [INFO] PluginManager:220 - loadIPPluginJar : add freertos
2024-03-13 19:24:30,322 [INFO] IPUIPlugin:80 - create IPUIPlugin
2024-03-13 19:24:30,322 [INFO] PluginManager:220 - loadIPPluginJar : add genericplugin
2024-03-13 19:24:30,326 [INFO] IPUIPlugin:80 - create IPUIPlugin
2024-03-13 19:24:30,326 [INFO] PluginManager:220 - loadIPPluginJar : add gfxmmu
2024-03-13 19:24:30,335 [INFO] IPUIPlugin:80 - create IPUIPlugin
2024-03-13 19:24:30,335 [INFO] PluginManager:220 - loadIPPluginJar : add gic
2024-03-13 19:24:30,343 [INFO] IPUIPlugin:80 - create IPUIPlugin
2024-03-13 19:24:30,343 [INFO] PluginManager:220 - loadIPPluginJar : add gpio
2024-03-13 19:24:30,348 [INFO] IPUIPlugin:80 - create IPUIPlugin
2024-03-13 19:24:30,348 [INFO] PluginManager:220 - loadIPPluginJar : add gtzc
2024-03-13 19:24:30,352 [INFO] IPUIPlugin:80 - create IPUIPlugin
2024-03-13 19:24:30,353 [INFO] PluginManager:220 - loadIPPluginJar : add hash
2024-03-13 19:24:30,357 [INFO] IPUIPlugin:80 - create IPUIPlugin
2024-03-13 19:24:30,357 [INFO] PluginManager:220 - loadIPPluginJar : add i2c
2024-03-13 19:24:30,362 [INFO] IPUIPlugin:80 - create IPUIPlugin
2024-03-13 19:24:30,363 [INFO] PluginManager:220 - loadIPPluginJar : add i2s
2024-03-13 19:24:30,367 [INFO] IPUIPlugin:80 - create IPUIPlugin
2024-03-13 19:24:30,368 [INFO] PluginManager:220 - loadIPPluginJar : add i3c
2024-03-13 19:24:30,374 [INFO] IPUIPlugin:80 - create IPUIPlugin
2024-03-13 19:24:30,374 [INFO] PluginManager:220 - loadIPPluginJar : add ipddr
2024-03-13 19:24:30,386 [INFO] IPUIPlugin:80 - create IPUIPlugin
2024-03-13 19:24:30,386 [INFO] PluginManager:220 - loadIPPluginJar : add linkedlist
2024-03-13 19:24:30,391 [INFO] IPUIPlugin:80 - create IPUIPlugin
2024-03-13 19:24:30,391 [INFO] PluginManager:220 - loadIPPluginJar : add lorawan
2024-03-13 19:24:30,393 [INFO] IPUIPlugin:80 - create IPUIPlugin
2024-03-13 19:24:30,394 [INFO] PluginManager:220 - loadIPPluginJar : add ltdc
2024-03-13 19:24:30,403 [INFO] IPUIPlugin:80 - create IPUIPlugin
2024-03-13 19:24:30,404 [INFO] PluginManager:220 - loadIPPluginJar : add mdma
2024-03-13 19:24:30,410 [INFO] IPUIPlugin:80 - create IPUIPlugin
2024-03-13 19:24:30,411 [INFO] PluginManager:220 - loadIPPluginJar : add nvic
2024-03-13 19:24:30,416 [INFO] IPUIPlugin:80 - create IPUIPlugin
2024-03-13 19:24:30,417 [INFO] PluginManager:220 - loadIPPluginJar : add opamp
2024-03-13 19:24:30,422 [INFO] IPUIPlugin:80 - create IPUIPlugin
2024-03-13 19:24:30,422 [INFO] PluginManager:220 - loadIPPluginJar : add openamp
2024-03-13 19:24:30,428 [INFO] IPUIPlugin:80 - create IPUIPlugin
2024-03-13 19:24:30,428 [INFO] PluginManager:220 - loadIPPluginJar : add pdm2pcm
2024-03-13 19:24:30,439 [INFO] IPUIPlugin:80 - create IPUIPlugin
2024-03-13 19:24:30,445 [INFO] PluginManager:220 - loadIPPluginJar : add plateformsettings
2024-03-13 19:24:30,449 [INFO] IPUIPlugin:80 - create IPUIPlugin
2024-03-13 19:24:30,449 [INFO] PluginManager:220 - loadIPPluginJar : add quadspi
2024-03-13 19:24:30,455 [INFO] IPUIPlugin:80 - create IPUIPlugin
2024-03-13 19:24:30,455 [INFO] PluginManager:220 - loadIPPluginJar : add resmgrutility
2024-03-13 19:24:30,460 [INFO] IPUIPlugin:80 - create IPUIPlugin
2024-03-13 19:24:30,460 [INFO] PluginManager:220 - loadIPPluginJar : add sai
2024-03-13 19:24:30,465 [INFO] IPUIPlugin:80 - create IPUIPlugin
2024-03-13 19:24:30,465 [INFO] PluginManager:220 - loadIPPluginJar : add spi
2024-03-13 19:24:30,476 [INFO] IPUIPlugin:80 - create IPUIPlugin
2024-03-13 19:24:30,476 [INFO] PluginManager:220 - loadIPPluginJar : add stm32_wpan
2024-03-13 19:24:30,481 [INFO] IPUIPlugin:80 - create IPUIPlugin
2024-03-13 19:24:30,481 [INFO] PluginManager:220 - loadIPPluginJar : add tim
2024-03-13 19:24:30,487 [INFO] IPUIPlugin:80 - create IPUIPlugin
2024-03-13 19:24:30,487 [INFO] PluginManager:220 - loadIPPluginJar : add touchsensing
2024-03-13 19:24:30,490 [INFO] IPUIPlugin:80 - create IPUIPlugin
2024-03-13 19:24:30,491 [INFO] PluginManager:220 - loadIPPluginJar : add tracer_emb
2024-03-13 19:24:30,494 [INFO] IPUIPlugin:80 - create IPUIPlugin
2024-03-13 19:24:30,494 [INFO] PluginManager:220 - loadIPPluginJar : add ts
2024-03-13 19:24:30,497 [INFO] IPUIPlugin:80 - create IPUIPlugin
2024-03-13 19:24:30,497 [INFO] PluginManager:220 - loadIPPluginJar : add tsc
2024-03-13 19:24:30,500 [INFO] IPUIPlugin:80 - create IPUIPlugin
2024-03-13 19:24:30,500 [INFO] PluginManager:220 - loadIPPluginJar : add ucpd
2024-03-13 19:24:30,505 [INFO] IPUIPlugin:80 - create IPUIPlugin
2024-03-13 19:24:30,505 [INFO] PluginManager:220 - loadIPPluginJar : add usart
2024-03-13 19:24:30,511 [INFO] IPUIPlugin:80 - create IPUIPlugin
2024-03-13 19:24:30,512 [INFO] PluginManager:220 - loadIPPluginJar : add usbx
2024-03-13 19:24:30,695 [INFO] CADModel:165 - CPN selected for project level
2024-03-13 19:24:30,695 [INFO] CADModel:114 - Register for checkConnection events
2024-03-13 19:24:30,696 [FATAL] Updater:308 - Updater called before beeing initialized
2024-03-13 19:24:30,696 [ERROR] CADModel:125 - Updater not yet initialized, retry later 
2024-03-13 19:24:30,950 [INFO] CADModel:165 - CPN selected for project level
2024-03-13 19:24:30,950 [INFO] CADModel:114 - Register for checkConnection events
2024-03-13 19:24:30,950 [FATAL] Updater:308 - Updater called before beeing initialized
2024-03-13 19:24:30,950 [ERROR] CADModel:125 - Updater not yet initialized, retry later 
2024-03-13 19:24:30,959 [FATAL] Updater:308 - Updater called before beeing initialized
2024-03-13 19:24:31,151 [FATAL] Updater:308 - Updater called before beeing initialized
2024-03-13 19:24:31,159 [INFO] DbMcusAds:53 - JSON generation date=Wed Nov 29 21:52:27 AEDT 2023 (1701255147349)
2024-03-13 19:24:31,160 [FATAL] Updater:308 - Updater called before beeing initialized
2024-03-13 19:24:31,220 [WARN] DetailPanel:346 - Failed to get advertising image, set to default
2024-03-13 19:24:31,393 [FATAL] Updater:308 - Updater called before beeing initialized
2024-03-13 19:24:31,395 [FATAL] Updater:308 - Updater called before beeing initialized
2024-03-13 19:24:31,396 [FATAL] Updater:308 - Updater called before beeing initialized
2024-03-13 19:24:31,396 [WARN] DetailPanel:346 - Failed to get advertising image, set to default
2024-03-13 19:24:31,397 [FATAL] Updater:308 - Updater called before beeing initialized
2024-03-13 19:24:31,505 [ERROR] Updater:1120 - MainUpdater not yet initialized. External WinMGr cannot be set.
2024-03-13 19:24:31,508 [INFO] Updater:1056 - Updater Version found : 6.10.0
2024-03-13 19:24:31,546 [INFO] ApplicationProperties:184 - Using Application install path: C:\ST\STM32CubeIDE_1.14.1\STM32CubeIDE\plugins\com.st.stm32cube.common.mx_6.10.0.202311202037
2024-03-13 19:24:32,392 [INFO] ThirdPartyUpdaterWithRetryManager:70 - Updater plugin not ready yet. [2/15]
2024-03-13 19:24:33,140 [ERROR] LogOutputStream:75 - [STDERR_REDIRECT] Mar 13, 2024 7:24:33 PM java.util.prefs.WindowsPreferences <init>
2024-03-13 19:24:33,144 [ERROR] LogOutputStream:75 - [STDERR_REDIRECT] WARNING: Could not open/create prefs root node Software\JavaSoft\Prefs at root 0xffffffff80000002. Windows RegCreateKeyEx(...) returned error code 5.
2024-03-13 19:24:33,144 [ERROR] LogOutputStream:75 - [STDERR_REDIRECT] 
2024-03-13 19:24:33,766 [INFO] MainUpdater:2873 - connection check result : 10
2024-03-13 19:24:33,767 [INFO] MainUpdater:290 - Updater Check For Update Now.
2024-03-13 19:24:33,768 [INFO] MicroXplorer:498 - Change Database Version : DB.6.0.100
2024-03-13 19:24:33,784 [INFO] McuFinderGlobals:63 - Set McuFinder mode to 2 (CubeIDE integrated)
2024-03-13 19:24:33,785 [INFO] UserAuth:180 - activating auth plugin
2024-03-13 19:24:33,793 [INFO] UserAuth:404 - Internet connection configuration mode: 1
2024-03-13 19:24:33,833 [INFO] JxBrowserEngine:152 - Initiate JxBrowser Engine with user profile folder
2024-03-13 19:24:34,020 [INFO] CheckServerUpdateThread:120 - End of CheckServer Thread
2024-03-13 19:24:35,168 [INFO] WebApp:161 - Instantiating new browser for Auth
2024-03-13 19:24:35,809 [WARN] PackLoader:240 - Cannot read IP mode file for STMicroelectronics.X-CUBE-SMBUS.2.1.0
2024-03-13 19:24:35,856 [WARN] PackLoader:240 - Cannot read IP mode file for STMicroelectronics.X-CUBE-TOUCHGFX.4.23.0
2024-03-13 19:24:35,948 [WARN] PackLoader:240 - Cannot read IP mode file for STMicroelectronics.X-CUBE-AZRTOS-F7.1.1.0
2024-03-13 19:24:35,986 [WARN] PackLoader:240 - Cannot read IP mode file for STMicroelectronics.FP-SNS-MOTENV1.4.3.2
2024-03-13 19:24:36,013 [WARN] PackLoader:240 - Cannot read IP mode file for STMicroelectronics.FP-SNS-FLIGHT1.5.0.2
2024-03-13 19:24:36,045 [WARN] PackLoader:240 - Cannot read IP mode file for STMicroelectronics.X-CUBE-DISPLAY.3.0.0
2024-03-13 19:24:36,091 [WARN] PackLoader:240 - Cannot read IP mode file for STMicroelectronics.X-CUBE-BLE1.7.0.0
2024-03-13 19:24:36,115 [WARN] PackLoader:240 - Cannot read IP mode file for emotas.I-CUBE-CANOPEN.1.3.0
2024-03-13 19:24:36,154 [WARN] PackLoader:240 - Cannot read IP mode file for STMicroelectronics.X-CUBE-BLEMGR.3.1.0
2024-03-13 19:24:36,187 [WARN] PackLoader:240 - Cannot read IP mode file for STMicroelectronics.FP-SNS-SMARTAG2.1.2.0
2024-03-13 19:24:36,230 [INFO] LogOutputStream:77 - [STDOUT_REDIRECT] 1 : Invalid condition id : UX_CORESTACK_Condition cause : null
2024-03-13 19:24:36,232 [INFO] LogOutputStream:77 - [STDOUT_REDIRECT] 1 : Invalid condition id : UX_CORESTACK_Condition cause : null
2024-03-13 19:24:36,235 [INFO] LogOutputStream:77 - [STDOUT_REDIRECT] 1 : Invalid condition id : UX_CORESTACK_Condition cause : null
2024-03-13 19:24:36,239 [INFO] LogOutputStream:77 - [STDOUT_REDIRECT] 1 : Invalid condition id : UX_CORESTACK_Condition cause : null
2024-03-13 19:24:36,241 [INFO] LogOutputStream:77 - [STDOUT_REDIRECT] 1 : Invalid condition id : UX_CORESTACK_Condition cause : null
2024-03-13 19:24:36,253 [WARN] PackLoader:240 - Cannot read IP mode file for STMicroelectronics.X-CUBE-AZRTOS-WL.2.0.0
2024-03-13 19:24:36,290 [WARN] PackLoader:240 - Cannot read IP mode file for WES.I-CUBE-Cesium.1.3.0
2024-03-13 19:24:36,315 [WARN] PackLoader:240 - Cannot read IP mode file for STMicroelectronics.X-CUBE-BLE2.3.3.0
2024-03-13 19:24:36,345 [WARN] PackLoader:240 - Cannot read IP mode file for STMicroelectronics.X-CUBE-ALGOBUILD.1.3.0
2024-03-13 19:24:36,410 [WARN] PackLoader:240 - Cannot read IP mode file for STMicroelectronics.X-CUBE-AZRTOS-G0.1.1.0
2024-03-13 19:24:36,437 [WARN] PackLoader:240 - Cannot read IP mode file for STMicroelectronics.X-CUBE-NFC4.3.0.0
2024-03-13 19:24:36,462 [WARN] PackLoader:240 - Cannot read IP mode file for STMicroelectronics.X-CUBE-BLEMGR.3.0.0
2024-03-13 19:24:36,484 [WARN] PackLoader:240 - Cannot read IP mode file for STMicroelectronics.FP-ATR-SIGFOX1.3.2.0
2024-03-13 19:24:36,505 [WARN] PackLoader:240 - Cannot read IP mode file for STMicroelectronics.X-CUBE-EEPRMA1.5.1.0
2024-03-13 19:24:36,565 [WARN] PackLoader:240 - Cannot read IP mode file for SEGGER.I-CUBE-embOS.1.3.1
2024-03-13 19:24:36,661 [WARN] PackLoader:240 - Cannot read IP mode file for STMicroelectronics.X-CUBE-GNSS1.6.0.0
2024-03-13 19:24:36,732 [WARN] PackLoader:240 - Cannot read IP mode file for STMicroelectronics.X-CUBE-AZRTOS-F4.1.1.0
2024-03-13 19:24:36,768 [WARN] PackLoader:240 - Cannot read IP mode file for wolfSSL.I-CUBE-wolfSSL.5.6.6
2024-03-13 19:24:36,817 [WARN] PackLoader:240 - Cannot read IP mode file for STMicroelectronics.X-CUBE-AZRTOS-L5.2.0.0
2024-03-13 19:24:36,836 [INFO] WebApp:780 - Register for checkConnection events
2024-03-13 19:24:36,837 [INFO] WebApp:414 - Apply proxy settings
2024-03-13 19:24:36,837 [INFO] WebApp:499 - Chromium requires no authentication
2024-03-13 19:24:36,842 [WARN] PackLoader:240 - Cannot read IP mode file for ITTIA_DB.I-CUBE-ITTIADB.8.8.0
2024-03-13 19:24:36,858 [INFO] WebApp:442 - Direct internet connection detected
2024-03-13 19:24:36,864 [WARN] PackLoader:240 - Cannot read IP mode file for STMicroelectronics.X-CUBE-NFC7.1.0.1
2024-03-13 19:24:36,891 [WARN] PackLoader:240 - Cannot read IP mode file for STMicroelectronics.X-CUBE-NFC6.3.0.0
2024-03-13 19:24:36,915 [WARN] PackLoader:240 - Cannot read IP mode file for STMicroelectronics.X-CUBE-AI.8.1.0
2024-03-13 19:24:36,958 [WARN] ConditionMgr:438 - getConditionDescription Invalid condition id : LAN8742 Phy interface Condition cause : null
2024-03-13 19:24:36,959 [WARN] PackLoader:240 - Cannot read IP mode file for STMicroelectronics.X-CUBE-AZRTOS-L4.2.0.0
2024-03-13 19:24:36,961 [WARN] ConditionMgr:1039 - genDependencies : Invalid condition id : LAN8742 Phy interface Condition cause : null
2024-03-13 19:24:36,961 [WARN] ConditionMgr:1039 - genDependencies : Invalid condition id : LAN8742 Phy interface Condition cause : null
2024-03-13 19:24:36,962 [WARN] ConditionMgr:1039 - genDependencies : Invalid condition id : LAN8742 Phy interface Condition cause : null
2024-03-13 19:24:36,986 [WARN] PackLoader:240 - Cannot read IP mode file for STMicroelectronics.X-CUBE-SFXS2LP1.4.0.0
2024-03-13 19:24:37,028 [WARN] ConditionMgr:438 - getConditionDescription Invalid condition id : UX DEVICE CLASS RTOS Condition cause : null
2024-03-13 19:24:37,028 [WARN] ConditionMgr:438 - getConditionDescription Invalid condition id : UX DEVICE CLASS RTOS Condition cause : null
2024-03-13 19:24:37,031 [WARN] PackLoader:240 - Cannot read IP mode file for STMicroelectronics.X-CUBE-AZRTOS-WB.2.0.0
2024-03-13 19:24:37,032 [WARN] ConditionMgr:1039 - genDependencies : Invalid condition id : UX DEVICE CLASS RTOS Condition cause : null
2024-03-13 19:24:37,032 [WARN] ConditionMgr:1039 - genDependencies : Invalid condition id : UX DEVICE CLASS RTOS Condition cause : null
2024-03-13 19:24:37,033 [WARN] ConditionMgr:1039 - genDependencies : Invalid condition id : UX DEVICE CLASS RTOS Condition cause : null
2024-03-13 19:24:37,033 [WARN] ConditionMgr:1039 - genDependencies : Invalid condition id : UX DEVICE CLASS RTOS Condition cause : null
2024-03-13 19:24:37,033 [WARN] ConditionMgr:1039 - genDependencies : Invalid condition id : UX DEVICE CLASS RTOS Condition cause : null
2024-03-13 19:24:37,073 [WARN] PackLoader:240 - Cannot read IP mode file for STMicroelectronics.X-CUBE-SUBG2.5.0.0
2024-03-13 19:24:37,124 [WARN] PackLoader:240 - Cannot read IP mode file for STMicroelectronics.X-CUBE-AZRTOS-G4.2.0.0
2024-03-13 19:24:37,166 [WARN] PackLoader:240 - Cannot read IP mode file for Infineon.AIROC-Wi-Fi-Bluetooth-STM32.1.5.1
2024-03-13 19:24:37,191 [WARN] PackLoader:240 - Cannot read IP mode file for STMicroelectronics.FP-SNS-MOTENVWB1.1.3.1
2024-03-13 19:24:37,211 [WARN] PackLoader:240 - Cannot read IP mode file for STMicroelectronics.X-CUBE-ISPU.2.0.0
2024-03-13 19:24:37,313 [WARN] PackLoader:240 - Cannot read IP mode file for STMicroelectronics.X-CUBE-MEMS1.10.0.0
2024-03-13 19:24:37,464 [INFO] WebApp:192 - Starting web application
2024-03-13 19:24:37,464 [INFO] WebApp:544 - Web application path used C:\ST\STM32CubeIDE_1.14.1\STM32CubeIDE\plugins\com.st.stm32cube.common.mx_6.10.0.202311202037\db\plugins\mcufinder\reactClient1\index.html
2024-03-13 19:24:37,534 [WARN] PackLoader:240 - Cannot read IP mode file for STMicroelectronics.X-CUBE-FREERTOS.1.1.0
2024-03-13 19:24:37,557 [WARN] PackLoader:240 - Cannot read IP mode file for portGmbH.I-Cube-SoM-uGOAL.1.1.0
2024-03-13 19:24:37,575 [WARN] PackLoader:240 - Cannot read IP mode file for STMicroelectronics.X-CUBE-ALS.1.0.1
2024-03-13 19:24:37,595 [WARN] PackLoader:240 - Cannot read IP mode file for STMicroelectronics.FP-ATR-ASTRA1.2.0.0
2024-03-13 19:24:37,630 [WARN] PackLoader:240 - Cannot read IP mode file for STMicroelectronics.X-CUBE-TOF1.3.4.0
2024-03-13 19:24:37,681 [WARN] PackLoader:240 - Cannot read IP mode file for STMicroelectronics.X-CUBE-TOF1.3.4.1
2024-03-13 19:24:37,750 [WARN] PackLoader:240 - Cannot read IP mode file for STMicroelectronics.X-CUBE-AZRTOS-H7.3.2.0
2024-03-13 19:24:37,757 [INFO] ThirdParty:978 - Integrity check success = true
2024-03-13 19:24:37,758 [INFO] IntegrityCheckThread:100 - exiting critical section [integrity check]
2024-03-13 19:24:37,758 [INFO] IntegrityCheckThread:103 - End integrity checks thread
2024-03-13 19:24:58,965 [ERROR] LogOutputStream:75 - [STDERR_REDIRECT] SLF4J: Failed to load class "org.slf4j.impl.StaticLoggerBinder".
2024-03-13 19:24:58,967 [ERROR] LogOutputStream:75 - [STDERR_REDIRECT] SLF4J: Defaulting to no-operation (NOP) logger implementation
2024-03-13 19:24:58,970 [ERROR] LogOutputStream:75 - [STDERR_REDIRECT] SLF4J: See http://www.slf4j.org/codes.html#StaticLoggerBinder for further details.
2024-03-13 19:26:19,502 [INFO] Activator:176 - 


2024-03-13 19:26:19,506 [INFO] Activator:177 - !SESSION log4j initialized
2024-03-13 19:26:24,708 [INFO] LogOutputStream:77 - [STDOUT_REDIRECT] 
2024-03-13 19:26:28,264 [INFO] ApplicationProperties:184 - Using Application install path: C:\ST\STM32CubeIDE_1.14.1\STM32CubeIDE\plugins\com.st.stm32cube.common.mx_6.10.0.202311202037
2024-03-13 19:26:28,297 [INFO] DbMcusXml:78 - Set database path to: C:\ST\STM32CubeIDE_1.14.1\STM32CubeIDE\plugins\com.st.stm32cube.common.mx_6.10.0.202311202037\\db\/mcu/
2024-03-13 19:26:28,298 [INFO] ApiDb:274 - Set plugin database path to: C:\ST\STM32CubeIDE_1.14.1\STM32CubeIDE\plugins\com.st.stm32cube.common.mx_6.10.0.202311202037\\db\/plugins/boardmanager/
2024-03-13 19:26:28,299 [WARN] ApiDb:259 - Overriding images path with different value:  => C:\ST\STM32CubeIDE_1.14.1\STM32CubeIDE\plugins\com.st.stm32cube.common.mx_6.10.0.202311202037\\db\/plugins/mcufinder/images/
2024-03-13 19:26:28,311 [INFO] ApiDb:250 - Set database path to: C:\Users\Tiago\.stmcufinder\plugins\mcufinder//mcu/
2024-03-13 19:26:28,314 [INFO] DbMcusAds:125 - Set database path to: C:\Users\Tiago\.stmcufinder\plugins\mcufinder//mcu/
2024-03-13 19:26:28,319 [INFO] CrossReferenceDbSqlite:203 - Set database path to: C:\Users\Tiago\.stmcufinder\plugins\mcufinder//mcu/cs/
2024-03-13 19:26:28,586 [INFO] RulesReader:64 - Compatibility file has been processed (297 Rules)
2024-03-13 19:26:28,753 [INFO] DbMcusXml:78 - Set database path to: C:\ST\STM32CubeIDE_1.14.1\STM32CubeIDE\plugins\com.st.stm32cube.common.mx_6.10.0.202311202037\\db\/mcu/
2024-03-13 19:26:28,754 [INFO] ApiDb:274 - Set plugin database path to: C:\ST\STM32CubeIDE_1.14.1\STM32CubeIDE\plugins\com.st.stm32cube.common.mx_6.10.0.202311202037\\db\/plugins/boardmanager/
2024-03-13 19:26:28,754 [INFO] ApiDb:261 - Set plugin images path to: C:\ST\STM32CubeIDE_1.14.1\STM32CubeIDE\plugins\com.st.stm32cube.common.mx_6.10.0.202311202037\\db\/plugins/mcufinder/images/
2024-03-13 19:26:28,755 [WARN] DbFile:41 - Overriding database path with different value: C:\Users\Tiago\.stmcufinder\plugins\mcufinder/ => C:\Users\Tiago\.stmcufinder\plugins\mcufinder
2024-03-13 19:26:28,755 [INFO] ApiDb:250 - Set database path to: C:\Users\Tiago\.stmcufinder\plugins\mcufinder//mcu/
2024-03-13 19:26:28,755 [WARN] DbFile:41 - Overriding database path with different value: C:\Users\Tiago\.stmcufinder\plugins\mcufinder/ => C:\Users\Tiago\.stmcufinder\plugins\mcufinder
2024-03-13 19:26:28,755 [INFO] DbMcusAds:125 - Set database path to: C:\Users\Tiago\.stmcufinder\plugins\mcufinder//mcu/
2024-03-13 19:26:28,756 [WARN] DbFile:41 - Overriding database path with different value: C:\Users\Tiago\.stmcufinder\plugins\mcufinder/ => C:\Users\Tiago\.stmcufinder\plugins\mcufinder
2024-03-13 19:26:28,756 [WARN] DbFile:41 - Overriding database path with different value: C:\Users\Tiago\.stmcufinder\plugins\mcufinder/ => C:\Users\Tiago\.stmcufinder\plugins\mcufinder
2024-03-13 19:26:28,756 [INFO] CrossReferenceDbSqlite:203 - Set database path to: C:\Users\Tiago\.stmcufinder\plugins\mcufinder//mcu/cs/
2024-03-13 19:26:28,894 [INFO] MainPanel:264 - HeapMemory: 268435456
2024-03-13 19:26:29,013 [INFO] DbMcusXml:78 - Set database path to: C:\ST\STM32CubeIDE_1.14.1\STM32CubeIDE\plugins\com.st.stm32cube.common.mx_6.10.0.202311202037\\db\/mcu/
2024-03-13 19:26:29,013 [INFO] ApiDb:274 - Set plugin database path to: C:\ST\STM32CubeIDE_1.14.1\STM32CubeIDE\plugins\com.st.stm32cube.common.mx_6.10.0.202311202037\\db\/plugins/boardmanager/
2024-03-13 19:26:29,013 [INFO] ApiDb:261 - Set plugin images path to: C:\ST\STM32CubeIDE_1.14.1\STM32CubeIDE\plugins\com.st.stm32cube.common.mx_6.10.0.202311202037\\db\/plugins/mcufinder/images/
2024-03-13 19:26:29,013 [WARN] DbFile:41 - Overriding database path with different value: C:\Users\Tiago\.stmcufinder\plugins\mcufinder/ => C:\Users\Tiago\.stmcufinder\plugins\mcufinder
2024-03-13 19:26:29,015 [INFO] ApiDb:250 - Set database path to: C:\Users\Tiago\.stmcufinder\plugins\mcufinder//mcu/
2024-03-13 19:26:29,015 [WARN] DbFile:41 - Overriding database path with different value: C:\Users\Tiago\.stmcufinder\plugins\mcufinder/ => C:\Users\Tiago\.stmcufinder\plugins\mcufinder
2024-03-13 19:26:29,015 [INFO] DbMcusAds:125 - Set database path to: C:\Users\Tiago\.stmcufinder\plugins\mcufinder//mcu/
2024-03-13 19:26:29,015 [WARN] DbFile:41 - Overriding database path with different value: C:\Users\Tiago\.stmcufinder\plugins\mcufinder/ => C:\Users\Tiago\.stmcufinder\plugins\mcufinder
2024-03-13 19:26:29,015 [WARN] DbFile:41 - Overriding database path with different value: C:\Users\Tiago\.stmcufinder\plugins\mcufinder/ => C:\Users\Tiago\.stmcufinder\plugins\mcufinder
2024-03-13 19:26:29,015 [INFO] CrossReferenceDbSqlite:203 - Set database path to: C:\Users\Tiago\.stmcufinder\plugins\mcufinder//mcu/cs/
2024-03-13 19:26:29,050 [INFO] ApplicationProperties:184 - Using Application install path: C:\ST\STM32CubeIDE_1.14.1\STM32CubeIDE\plugins\com.st.stm32cube.common.mx_6.10.0.202311202037
2024-03-13 19:26:29,052 [INFO] PluginManage:196 - Search for loadable plugins [exclusion list=, ]
2024-03-13 19:26:29,057 [INFO] PluginManage:310 - Check plugin analytics
2024-03-13 19:26:29,446 [INFO] AnalyticsPlugin:253 - Accepted Software Licenses: 
2024-03-13 19:26:29,447 [INFO] AnalyticsPlugin:255 - Accepted CMSIS Pack Licenses: 
2024-03-13 19:26:29,448 [INFO] AnalyticsPlugin:257 - Accepted Firmware Licenses: 
2024-03-13 19:26:29,456 [INFO] PluginManage:359 - Loaded plugin analytics (category:tool,tabindex:-1)
2024-03-13 19:26:29,457 [INFO] PluginManage:310 - Check plugin cadmodel
2024-03-13 19:26:29,466 [INFO] CADModel:105 - Init CAD model plugin
2024-03-13 19:26:29,467 [INFO] PluginManage:359 - Loaded plugin cadmodel (category:power,tabindex:5)
2024-03-13 19:26:29,467 [INFO] PluginManage:310 - Check plugin clock
2024-03-13 19:26:29,488 [INFO] PluginManage:359 - Loaded plugin clock (category:base,tabindex:2)
2024-03-13 19:26:29,488 [INFO] PluginManage:310 - Check plugin ddr
2024-03-13 19:26:29,492 [INFO] PluginManage:359 - Loaded plugin ddr (category:tool,tabindex:6)
2024-03-13 19:26:29,492 [INFO] PluginManage:310 - Check plugin filemanager
2024-03-13 19:26:29,773 [INFO] PluginManage:359 - Loaded plugin filemanager (category:base,tabindex:10)
2024-03-13 19:26:29,774 [INFO] PluginManage:310 - Check plugin ipmanager
2024-03-13 19:26:29,784 [INFO] PluginManage:359 - Loaded plugin ipmanager (category:base,tabindex:5)
2024-03-13 19:26:29,785 [INFO] PluginManage:310 - Check plugin lpbam
2024-03-13 19:26:29,799 [INFO] PluginManage:359 - Loaded plugin lpbam (category:base,tabindex:0)
2024-03-13 19:26:29,800 [INFO] PluginManage:310 - Check plugin memorymap
2024-03-13 19:26:29,816 [INFO] PluginManage:359 - Loaded plugin memorymap (category:base,tabindex:4)
2024-03-13 19:26:29,816 [INFO] PluginManage:310 - Check plugin pinoutandconfiguration
2024-03-13 19:26:29,826 [INFO] PluginManage:359 - Loaded plugin pinoutandconfiguration (category:base,tabindex:1)
2024-03-13 19:26:29,827 [INFO] PluginManage:310 - Check plugin pinoutconfig
2024-03-13 19:26:29,964 [WARN] SupportedApi:132 - Cannot load RTOS API schema: s4s-elt-must-match.1: The content of 'definitions' must match (annotation?, (simpleType | complexType)?, (unique | key | keyref)*)). A problem was found starting at: attribute.
2024-03-13 19:26:30,191 [INFO] PluginManage:359 - Loaded plugin pinoutconfig (category:base,tabindex:0)
2024-03-13 19:26:30,192 [INFO] PluginManage:310 - Check plugin power
2024-03-13 19:26:30,206 [INFO] PluginManage:359 - Loaded plugin power (category:power,tabindex:4)
2024-03-13 19:26:30,207 [INFO] PluginManage:310 - Check plugin projectmanager
2024-03-13 19:26:30,239 [INFO] PluginManage:359 - Loaded plugin projectmanager (category:projectmanager,tabindex:3)
2024-03-13 19:26:30,239 [INFO] PluginManage:310 - Check plugin thirdparty
2024-03-13 19:26:30,485 [INFO] PluginManage:359 - Loaded plugin thirdparty (category:base,tabindex:-1)
2024-03-13 19:26:30,485 [WARN] IntegrityCheckThread:84 - waiting for thirdparty lock release [integrity check]
2024-03-13 19:26:30,486 [INFO] IntegrityCheckThread:86 - entering critical section [integrity check]
2024-03-13 19:26:30,486 [INFO] PluginManage:310 - Check plugin tools
2024-03-13 19:26:30,487 [INFO] ThirdPartyUpdaterWithRetryManager:70 - Updater plugin not ready yet. [1/15]
2024-03-13 19:26:30,491 [INFO] PluginManage:359 - Loaded plugin tools (category:base,tabindex:7)
2024-03-13 19:26:30,493 [INFO] PluginManage:310 - Check plugin tutovideos
2024-03-13 19:26:30,783 [INFO] PluginManage:359 - Loaded plugin tutovideos (category:base,tabindex:-1)
2024-03-13 19:26:30,783 [INFO] PluginManage:310 - Check plugin updater
2024-03-13 19:26:30,800 [INFO] PluginManage:359 - Loaded plugin updater (category:base,tabindex:12)
2024-03-13 19:26:30,800 [INFO] PluginManage:310 - Check plugin userauth
2024-03-13 19:26:30,809 [INFO] UserAuth:114 - Init User Auth plugin
2024-03-13 19:26:30,809 [INFO] PluginManage:359 - Loaded plugin userauth (category:base,tabindex:14)
2024-03-13 19:26:30,810 [INFO] PluginManage:283 - PluginManage : Loaded plugins [17]
2024-03-13 19:26:31,160 [INFO] PinOutPanel:1499 - setPackage(No Configuration,No Configuration)
2024-03-13 19:26:31,294 [INFO] CADModel:165 - CPN selected for project level
2024-03-13 19:26:31,295 [INFO] CADModel:114 - Register for checkConnection events
2024-03-13 19:26:31,322 [INFO] IPUIPlugin:80 - create IPUIPlugin
2024-03-13 19:26:31,322 [INFO] PluginManager:220 - loadIPPluginJar : add adc
2024-03-13 19:26:31,327 [INFO] IPUIPlugin:80 - create IPUIPlugin
2024-03-13 19:26:31,327 [INFO] PluginManager:220 - loadIPPluginJar : add aes
2024-03-13 19:26:31,332 [INFO] IPUIPlugin:80 - create IPUIPlugin
2024-03-13 19:26:31,333 [INFO] PluginManager:220 - loadIPPluginJar : add can
2024-03-13 19:26:31,336 [INFO] IPUIPlugin:80 - create IPUIPlugin
2024-03-13 19:26:31,336 [INFO] PluginManager:220 - loadIPPluginJar : add comp
2024-03-13 19:26:31,342 [INFO] IPUIPlugin:80 - create IPUIPlugin
2024-03-13 19:26:31,342 [INFO] PluginManager:220 - loadIPPluginJar : add cryp
2024-03-13 19:26:31,347 [INFO] IPUIPlugin:80 - create IPUIPlugin
2024-03-13 19:26:31,347 [INFO] PluginManager:220 - loadIPPluginJar : add dfsdm
2024-03-13 19:26:31,358 [INFO] IPUIPlugin:80 - create IPUIPlugin
2024-03-13 19:26:31,360 [INFO] PluginManager:220 - loadIPPluginJar : add dma
2024-03-13 19:26:31,365 [INFO] IPUIPlugin:80 - create IPUIPlugin
2024-03-13 19:26:31,365 [INFO] PluginManager:220 - loadIPPluginJar : add dma3
2024-03-13 19:26:31,368 [INFO] IPUIPlugin:80 - create IPUIPlugin
2024-03-13 19:26:31,369 [INFO] PluginManager:220 - loadIPPluginJar : add fatfs
2024-03-13 19:26:31,376 [INFO] IPUIPlugin:80 - create IPUIPlugin
2024-03-13 19:26:31,376 [INFO] PluginManager:220 - loadIPPluginJar : add fmc
2024-03-13 19:26:31,386 [INFO] IPUIPlugin:80 - create IPUIPlugin
2024-03-13 19:26:31,386 [INFO] PluginManager:220 - loadIPPluginJar : add freertos
2024-03-13 19:26:31,390 [INFO] IPUIPlugin:80 - create IPUIPlugin
2024-03-13 19:26:31,390 [INFO] PluginManager:220 - loadIPPluginJar : add genericplugin
2024-03-13 19:26:31,394 [INFO] IPUIPlugin:80 - create IPUIPlugin
2024-03-13 19:26:31,395 [INFO] PluginManager:220 - loadIPPluginJar : add gfxmmu
2024-03-13 19:26:31,403 [INFO] IPUIPlugin:80 - create IPUIPlugin
2024-03-13 19:26:31,403 [INFO] PluginManager:220 - loadIPPluginJar : add gic
2024-03-13 19:26:31,413 [INFO] IPUIPlugin:80 - create IPUIPlugin
2024-03-13 19:26:31,413 [INFO] PluginManager:220 - loadIPPluginJar : add gpio
2024-03-13 19:26:31,417 [INFO] IPUIPlugin:80 - create IPUIPlugin
2024-03-13 19:26:31,418 [INFO] PluginManager:220 - loadIPPluginJar : add gtzc
2024-03-13 19:26:31,422 [INFO] IPUIPlugin:80 - create IPUIPlugin
2024-03-13 19:26:31,422 [INFO] PluginManager:220 - loadIPPluginJar : add hash
2024-03-13 19:26:31,427 [INFO] IPUIPlugin:80 - create IPUIPlugin
2024-03-13 19:26:31,427 [INFO] PluginManager:220 - loadIPPluginJar : add i2c
2024-03-13 19:26:31,432 [INFO] IPUIPlugin:80 - create IPUIPlugin
2024-03-13 19:26:31,432 [INFO] PluginManager:220 - loadIPPluginJar : add i2s
2024-03-13 19:26:31,436 [INFO] IPUIPlugin:80 - create IPUIPlugin
2024-03-13 19:26:31,437 [INFO] PluginManager:220 - loadIPPluginJar : add i3c
2024-03-13 19:26:31,442 [INFO] IPUIPlugin:80 - create IPUIPlugin
2024-03-13 19:26:31,442 [INFO] PluginManager:220 - loadIPPluginJar : add ipddr
2024-03-13 19:26:31,455 [INFO] IPUIPlugin:80 - create IPUIPlugin
2024-03-13 19:26:31,455 [INFO] PluginManager:220 - loadIPPluginJar : add linkedlist
2024-03-13 19:26:31,460 [INFO] IPUIPlugin:80 - create IPUIPlugin
2024-03-13 19:26:31,460 [INFO] PluginManager:220 - loadIPPluginJar : add lorawan
2024-03-13 19:26:31,463 [INFO] IPUIPlugin:80 - create IPUIPlugin
2024-03-13 19:26:31,463 [INFO] PluginManager:220 - loadIPPluginJar : add ltdc
2024-03-13 19:26:31,474 [INFO] IPUIPlugin:80 - create IPUIPlugin
2024-03-13 19:26:31,474 [INFO] PluginManager:220 - loadIPPluginJar : add mdma
2024-03-13 19:26:31,481 [INFO] IPUIPlugin:80 - create IPUIPlugin
2024-03-13 19:26:31,481 [INFO] PluginManager:220 - loadIPPluginJar : add nvic
2024-03-13 19:26:31,487 [INFO] IPUIPlugin:80 - create IPUIPlugin
2024-03-13 19:26:31,487 [INFO] PluginManager:220 - loadIPPluginJar : add opamp
2024-03-13 19:26:31,493 [INFO] IPUIPlugin:80 - create IPUIPlugin
2024-03-13 19:26:31,493 [INFO] PluginManager:220 - loadIPPluginJar : add openamp
2024-03-13 19:26:31,499 [INFO] IPUIPlugin:80 - create IPUIPlugin
2024-03-13 19:26:31,500 [INFO] PluginManager:220 - loadIPPluginJar : add pdm2pcm
2024-03-13 19:26:31,510 [INFO] IPUIPlugin:80 - create IPUIPlugin
2024-03-13 19:26:31,517 [INFO] PluginManager:220 - loadIPPluginJar : add plateformsettings
2024-03-13 19:26:31,520 [INFO] IPUIPlugin:80 - create IPUIPlugin
2024-03-13 19:26:31,520 [INFO] PluginManager:220 - loadIPPluginJar : add quadspi
2024-03-13 19:26:31,526 [INFO] IPUIPlugin:80 - create IPUIPlugin
2024-03-13 19:26:31,526 [INFO] PluginManager:220 - loadIPPluginJar : add resmgrutility
2024-03-13 19:26:31,531 [INFO] IPUIPlugin:80 - create IPUIPlugin
2024-03-13 19:26:31,532 [INFO] PluginManager:220 - loadIPPluginJar : add sai
2024-03-13 19:26:31,536 [INFO] IPUIPlugin:80 - create IPUIPlugin
2024-03-13 19:26:31,536 [INFO] PluginManager:220 - loadIPPluginJar : add spi
2024-03-13 19:26:31,545 [INFO] IPUIPlugin:80 - create IPUIPlugin
2024-03-13 19:26:31,545 [INFO] PluginManager:220 - loadIPPluginJar : add stm32_wpan
2024-03-13 19:26:31,548 [INFO] IPUIPlugin:80 - create IPUIPlugin
2024-03-13 19:26:31,548 [INFO] PluginManager:220 - loadIPPluginJar : add tim
2024-03-13 19:26:31,553 [INFO] IPUIPlugin:80 - create IPUIPlugin
2024-03-13 19:26:31,554 [INFO] PluginManager:220 - loadIPPluginJar : add touchsensing
2024-03-13 19:26:31,557 [INFO] IPUIPlugin:80 - create IPUIPlugin
2024-03-13 19:26:31,558 [INFO] PluginManager:220 - loadIPPluginJar : add tracer_emb
2024-03-13 19:26:31,561 [INFO] IPUIPlugin:80 - create IPUIPlugin
2024-03-13 19:26:31,561 [INFO] PluginManager:220 - loadIPPluginJar : add ts
2024-03-13 19:26:31,565 [INFO] IPUIPlugin:80 - create IPUIPlugin
2024-03-13 19:26:31,565 [INFO] PluginManager:220 - loadIPPluginJar : add tsc
2024-03-13 19:26:31,568 [INFO] IPUIPlugin:80 - create IPUIPlugin
2024-03-13 19:26:31,569 [INFO] PluginManager:220 - loadIPPluginJar : add ucpd
2024-03-13 19:26:31,574 [INFO] IPUIPlugin:80 - create IPUIPlugin
2024-03-13 19:26:31,574 [INFO] PluginManager:220 - loadIPPluginJar : add usart
2024-03-13 19:26:31,579 [INFO] IPUIPlugin:80 - create IPUIPlugin
2024-03-13 19:26:31,579 [INFO] PluginManager:220 - loadIPPluginJar : add usbx
2024-03-13 19:26:31,761 [INFO] CADModel:165 - CPN selected for project level
2024-03-13 19:26:31,761 [INFO] CADModel:114 - Register for checkConnection events
2024-03-13 19:26:31,761 [FATAL] Updater:308 - Updater called before beeing initialized
2024-03-13 19:26:31,761 [ERROR] CADModel:125 - Updater not yet initialized, retry later 
2024-03-13 19:26:32,016 [INFO] CADModel:165 - CPN selected for project level
2024-03-13 19:26:32,016 [INFO] CADModel:114 - Register for checkConnection events
2024-03-13 19:26:32,016 [FATAL] Updater:308 - Updater called before beeing initialized
2024-03-13 19:26:32,016 [ERROR] CADModel:125 - Updater not yet initialized, retry later 
2024-03-13 19:26:32,021 [FATAL] Updater:308 - Updater called before beeing initialized
2024-03-13 19:26:32,203 [FATAL] Updater:308 - Updater called before beeing initialized
2024-03-13 19:26:32,212 [INFO] DbMcusAds:53 - JSON generation date=Wed Nov 29 21:52:27 AEDT 2023 (1701255147349)
2024-03-13 19:26:32,212 [FATAL] Updater:308 - Updater called before beeing initialized
2024-03-13 19:26:32,271 [WARN] DetailPanel:346 - Failed to get advertising image, set to default
2024-03-13 19:26:32,437 [FATAL] Updater:308 - Updater called before beeing initialized
2024-03-13 19:26:32,439 [FATAL] Updater:308 - Updater called before beeing initialized
2024-03-13 19:26:32,439 [FATAL] Updater:308 - Updater called before beeing initialized
2024-03-13 19:26:32,439 [WARN] DetailPanel:346 - Failed to get advertising image, set to default
2024-03-13 19:26:32,441 [FATAL] Updater:308 - Updater called before beeing initialized
2024-03-13 19:26:32,520 [ERROR] Updater:1120 - MainUpdater not yet initialized. External WinMGr cannot be set.
2024-03-13 19:26:32,524 [INFO] Updater:1056 - Updater Version found : 6.10.0
2024-03-13 19:26:32,552 [INFO] ApplicationProperties:184 - Using Application install path: C:\ST\STM32CubeIDE_1.14.1\STM32CubeIDE\plugins\com.st.stm32cube.common.mx_6.10.0.202311202037
2024-03-13 19:26:33,488 [INFO] ThirdPartyUpdaterWithRetryManager:70 - Updater plugin not ready yet. [2/15]
2024-03-13 19:26:34,135 [ERROR] LogOutputStream:75 - [STDERR_REDIRECT] Mar 13, 2024 7:26:34 PM java.util.prefs.WindowsPreferences <init>
2024-03-13 19:26:34,138 [ERROR] LogOutputStream:75 - [STDERR_REDIRECT] WARNING: Could not open/create prefs root node Software\JavaSoft\Prefs at root 0xffffffff80000002. Windows RegCreateKeyEx(...) returned error code 5.
2024-03-13 19:26:34,139 [ERROR] LogOutputStream:75 - [STDERR_REDIRECT] 
2024-03-13 19:26:34,758 [INFO] MainUpdater:2873 - connection check result : 10
2024-03-13 19:26:34,761 [INFO] MainUpdater:290 - Updater Check For Update Now.
2024-03-13 19:26:34,761 [INFO] MicroXplorer:498 - Change Database Version : DB.6.0.100
2024-03-13 19:26:34,786 [INFO] McuFinderGlobals:63 - Set McuFinder mode to 2 (CubeIDE integrated)
2024-03-13 19:26:34,787 [INFO] UserAuth:180 - activating auth plugin
2024-03-13 19:26:34,793 [INFO] UserAuth:404 - Internet connection configuration mode: 1
2024-03-13 19:26:34,832 [INFO] JxBrowserEngine:152 - Initiate JxBrowser Engine with user profile folder
2024-03-13 19:26:35,028 [INFO] CheckServerUpdateThread:120 - End of CheckServer Thread
2024-03-13 19:26:36,644 [INFO] WebApp:161 - Instantiating new browser for Auth
2024-03-13 19:26:36,931 [ERROR] LogOutputStream:75 - [STDERR_REDIRECT] 
2024-03-13 21:52:26,103 [INFO] Activator:176 - 


2024-03-13 21:52:26,106 [INFO] Activator:177 - !SESSION log4j initialized
2024-03-13 21:52:29,797 [INFO] LogOutputStream:77 - [STDOUT_REDIRECT] 
2024-03-13 21:52:31,988 [INFO] ApplicationProperties:184 - Using Application install path: C:\ST\STM32CubeIDE_1.14.1\STM32CubeIDE\plugins\com.st.stm32cube.common.mx_6.10.0.202311202037
2024-03-13 21:52:32,007 [INFO] DbMcusXml:78 - Set database path to: C:\ST\STM32CubeIDE_1.14.1\STM32CubeIDE\plugins\com.st.stm32cube.common.mx_6.10.0.202311202037\\db\/mcu/
2024-03-13 21:52:32,007 [INFO] ApiDb:274 - Set plugin database path to: C:\ST\STM32CubeIDE_1.14.1\STM32CubeIDE\plugins\com.st.stm32cube.common.mx_6.10.0.202311202037\\db\/plugins/boardmanager/
2024-03-13 21:52:32,007 [WARN] ApiDb:259 - Overriding images path with different value:  => C:\ST\STM32CubeIDE_1.14.1\STM32CubeIDE\plugins\com.st.stm32cube.common.mx_6.10.0.202311202037\\db\/plugins/mcufinder/images/
2024-03-13 21:52:32,014 [INFO] ApiDb:250 - Set database path to: C:\Users\Tiago\.stmcufinder\plugins\mcufinder//mcu/
2024-03-13 21:52:32,016 [INFO] DbMcusAds:125 - Set database path to: C:\Users\Tiago\.stmcufinder\plugins\mcufinder//mcu/
2024-03-13 21:52:32,018 [INFO] CrossReferenceDbSqlite:203 - Set database path to: C:\Users\Tiago\.stmcufinder\plugins\mcufinder//mcu/cs/
2024-03-13 21:52:32,143 [INFO] RulesReader:64 - Compatibility file has been processed (297 Rules)
2024-03-13 21:52:32,246 [INFO] DbMcusXml:78 - Set database path to: C:\ST\STM32CubeIDE_1.14.1\STM32CubeIDE\plugins\com.st.stm32cube.common.mx_6.10.0.202311202037\\db\/mcu/
2024-03-13 21:52:32,247 [INFO] ApiDb:274 - Set plugin database path to: C:\ST\STM32CubeIDE_1.14.1\STM32CubeIDE\plugins\com.st.stm32cube.common.mx_6.10.0.202311202037\\db\/plugins/boardmanager/
2024-03-13 21:52:32,247 [INFO] ApiDb:261 - Set plugin images path to: C:\ST\STM32CubeIDE_1.14.1\STM32CubeIDE\plugins\com.st.stm32cube.common.mx_6.10.0.202311202037\\db\/plugins/mcufinder/images/
2024-03-13 21:52:32,247 [WARN] DbFile:41 - Overriding database path with different value: C:\Users\Tiago\.stmcufinder\plugins\mcufinder/ => C:\Users\Tiago\.stmcufinder\plugins\mcufinder
2024-03-13 21:52:32,247 [INFO] ApiDb:250 - Set database path to: C:\Users\Tiago\.stmcufinder\plugins\mcufinder//mcu/
2024-03-13 21:52:32,248 [WARN] DbFile:41 - Overriding database path with different value: C:\Users\Tiago\.stmcufinder\plugins\mcufinder/ => C:\Users\Tiago\.stmcufinder\plugins\mcufinder
2024-03-13 21:52:32,248 [INFO] DbMcusAds:125 - Set database path to: C:\Users\Tiago\.stmcufinder\plugins\mcufinder//mcu/
2024-03-13 21:52:32,248 [WARN] DbFile:41 - Overriding database path with different value: C:\Users\Tiago\.stmcufinder\plugins\mcufinder/ => C:\Users\Tiago\.stmcufinder\plugins\mcufinder
2024-03-13 21:52:32,248 [WARN] DbFile:41 - Overriding database path with different value: C:\Users\Tiago\.stmcufinder\plugins\mcufinder/ => C:\Users\Tiago\.stmcufinder\plugins\mcufinder
2024-03-13 21:52:32,248 [INFO] CrossReferenceDbSqlite:203 - Set database path to: C:\Users\Tiago\.stmcufinder\plugins\mcufinder//mcu/cs/
2024-03-13 21:52:32,325 [INFO] MainPanel:264 - HeapMemory: 268435456
2024-03-13 21:52:32,399 [INFO] DbMcusXml:78 - Set database path to: C:\ST\STM32CubeIDE_1.14.1\STM32CubeIDE\plugins\com.st.stm32cube.common.mx_6.10.0.202311202037\\db\/mcu/
2024-03-13 21:52:32,399 [INFO] ApiDb:274 - Set plugin database path to: C:\ST\STM32CubeIDE_1.14.1\STM32CubeIDE\plugins\com.st.stm32cube.common.mx_6.10.0.202311202037\\db\/plugins/boardmanager/
2024-03-13 21:52:32,400 [INFO] ApiDb:261 - Set plugin images path to: C:\ST\STM32CubeIDE_1.14.1\STM32CubeIDE\plugins\com.st.stm32cube.common.mx_6.10.0.202311202037\\db\/plugins/mcufinder/images/
2024-03-13 21:52:32,400 [WARN] DbFile:41 - Overriding database path with different value: C:\Users\Tiago\.stmcufinder\plugins\mcufinder/ => C:\Users\Tiago\.stmcufinder\plugins\mcufinder
2024-03-13 21:52:32,400 [INFO] ApiDb:250 - Set database path to: C:\Users\Tiago\.stmcufinder\plugins\mcufinder//mcu/
2024-03-13 21:52:32,400 [WARN] DbFile:41 - Overriding database path with different value: C:\Users\Tiago\.stmcufinder\plugins\mcufinder/ => C:\Users\Tiago\.stmcufinder\plugins\mcufinder
2024-03-13 21:52:32,400 [INFO] DbMcusAds:125 - Set database path to: C:\Users\Tiago\.stmcufinder\plugins\mcufinder//mcu/
2024-03-13 21:52:32,400 [WARN] DbFile:41 - Overriding database path with different value: C:\Users\Tiago\.stmcufinder\plugins\mcufinder/ => C:\Users\Tiago\.stmcufinder\plugins\mcufinder
2024-03-13 21:52:32,400 [WARN] DbFile:41 - Overriding database path with different value: C:\Users\Tiago\.stmcufinder\plugins\mcufinder/ => C:\Users\Tiago\.stmcufinder\plugins\mcufinder
2024-03-13 21:52:32,400 [INFO] CrossReferenceDbSqlite:203 - Set database path to: C:\Users\Tiago\.stmcufinder\plugins\mcufinder//mcu/cs/
2024-03-13 21:52:32,418 [INFO] ApplicationProperties:184 - Using Application install path: C:\ST\STM32CubeIDE_1.14.1\STM32CubeIDE\plugins\com.st.stm32cube.common.mx_6.10.0.202311202037
2024-03-13 21:52:32,420 [INFO] PluginManage:196 - Search for loadable plugins [exclusion list=, ]
2024-03-13 21:52:32,421 [INFO] PluginManage:310 - Check plugin analytics
2024-03-13 21:52:32,612 [INFO] AnalyticsPlugin:253 - Accepted Software Licenses: 
2024-03-13 21:52:32,612 [INFO] AnalyticsPlugin:255 - Accepted CMSIS Pack Licenses: 
2024-03-13 21:52:32,613 [INFO] AnalyticsPlugin:257 - Accepted Firmware Licenses: 
2024-03-13 21:52:32,617 [INFO] PluginManage:359 - Loaded plugin analytics (category:tool,tabindex:-1)
2024-03-13 21:52:32,617 [INFO] PluginManage:310 - Check plugin cadmodel
2024-03-13 21:52:32,621 [INFO] CADModel:105 - Init CAD model plugin
2024-03-13 21:52:32,622 [INFO] PluginManage:359 - Loaded plugin cadmodel (category:power,tabindex:5)
2024-03-13 21:52:32,622 [INFO] PluginManage:310 - Check plugin clock
2024-03-13 21:52:32,636 [INFO] PluginManage:359 - Loaded plugin clock (category:base,tabindex:2)
2024-03-13 21:52:32,637 [INFO] PluginManage:310 - Check plugin ddr
2024-03-13 21:52:32,640 [INFO] PluginManage:359 - Loaded plugin ddr (category:tool,tabindex:6)
2024-03-13 21:52:32,640 [INFO] PluginManage:310 - Check plugin filemanager
2024-03-13 21:52:32,810 [INFO] PluginManage:359 - Loaded plugin filemanager (category:base,tabindex:10)
2024-03-13 21:52:32,810 [INFO] PluginManage:310 - Check plugin ipmanager
2024-03-13 21:52:32,827 [INFO] PluginManage:359 - Loaded plugin ipmanager (category:base,tabindex:5)
2024-03-13 21:52:32,827 [INFO] PluginManage:310 - Check plugin lpbam
2024-03-13 21:52:32,838 [INFO] PluginManage:359 - Loaded plugin lpbam (category:base,tabindex:0)
2024-03-13 21:52:32,838 [INFO] PluginManage:310 - Check plugin memorymap
2024-03-13 21:52:32,849 [INFO] PluginManage:359 - Loaded plugin memorymap (category:base,tabindex:4)
2024-03-13 21:52:32,849 [INFO] PluginManage:310 - Check plugin pinoutandconfiguration
2024-03-13 21:52:32,856 [INFO] PluginManage:359 - Loaded plugin pinoutandconfiguration (category:base,tabindex:1)
2024-03-13 21:52:32,856 [INFO] PluginManage:310 - Check plugin pinoutconfig
2024-03-13 21:52:32,942 [WARN] SupportedApi:132 - Cannot load RTOS API schema: s4s-elt-must-match.1: The content of 'definitions' must match (annotation?, (simpleType | complexType)?, (unique | key | keyref)*)). A problem was found starting at: attribute.
2024-03-13 21:52:33,077 [INFO] PluginManage:359 - Loaded plugin pinoutconfig (category:base,tabindex:0)
2024-03-13 21:52:33,077 [INFO] PluginManage:310 - Check plugin power
2024-03-13 21:52:33,088 [INFO] PluginManage:359 - Loaded plugin power (category:power,tabindex:4)
2024-03-13 21:52:33,089 [INFO] PluginManage:310 - Check plugin projectmanager
2024-03-13 21:52:33,113 [INFO] PluginManage:359 - Loaded plugin projectmanager (category:projectmanager,tabindex:3)
2024-03-13 21:52:33,114 [INFO] PluginManage:310 - Check plugin thirdparty
2024-03-13 21:52:33,274 [INFO] PluginManage:359 - Loaded plugin thirdparty (category:base,tabindex:-1)
2024-03-13 21:52:33,274 [WARN] IntegrityCheckThread:84 - waiting for thirdparty lock release [integrity check]
2024-03-13 21:52:33,274 [INFO] IntegrityCheckThread:86 - entering critical section [integrity check]
2024-03-13 21:52:33,274 [INFO] PluginManage:310 - Check plugin tools
2024-03-13 21:52:33,275 [INFO] ThirdPartyUpdaterWithRetryManager:70 - Updater plugin not ready yet. [1/15]
2024-03-13 21:52:33,278 [INFO] PluginManage:359 - Loaded plugin tools (category:base,tabindex:7)
2024-03-13 21:52:33,278 [INFO] PluginManage:310 - Check plugin tutovideos
2024-03-13 21:52:33,467 [INFO] PluginManage:359 - Loaded plugin tutovideos (category:base,tabindex:-1)
2024-03-13 21:52:33,467 [INFO] PluginManage:310 - Check plugin updater
2024-03-13 21:52:33,477 [INFO] PluginManage:359 - Loaded plugin updater (category:base,tabindex:12)
2024-03-13 21:52:33,477 [INFO] PluginManage:310 - Check plugin userauth
2024-03-13 21:52:33,483 [INFO] UserAuth:114 - Init User Auth plugin
2024-03-13 21:52:33,483 [INFO] PluginManage:359 - Loaded plugin userauth (category:base,tabindex:14)
2024-03-13 21:52:33,484 [INFO] PluginManage:283 - PluginManage : Loaded plugins [17]
2024-03-13 21:52:33,700 [INFO] PinOutPanel:1499 - setPackage(No Configuration,No Configuration)
2024-03-13 21:52:33,783 [INFO] CADModel:165 - CPN selected for project level
2024-03-13 21:52:33,784 [INFO] CADModel:114 - Register for checkConnection events
2024-03-13 21:52:33,803 [INFO] IPUIPlugin:80 - create IPUIPlugin
2024-03-13 21:52:33,803 [INFO] PluginManager:220 - loadIPPluginJar : add adc
2024-03-13 21:52:33,806 [INFO] IPUIPlugin:80 - create IPUIPlugin
2024-03-13 21:52:33,806 [INFO] PluginManager:220 - loadIPPluginJar : add aes
2024-03-13 21:52:33,810 [INFO] IPUIPlugin:80 - create IPUIPlugin
2024-03-13 21:52:33,810 [INFO] PluginManager:220 - loadIPPluginJar : add can
2024-03-13 21:52:33,812 [INFO] IPUIPlugin:80 - create IPUIPlugin
2024-03-13 21:52:33,812 [INFO] PluginManager:220 - loadIPPluginJar : add comp
2024-03-13 21:52:33,815 [INFO] IPUIPlugin:80 - create IPUIPlugin
2024-03-13 21:52:33,816 [INFO] PluginManager:220 - loadIPPluginJar : add cryp
2024-03-13 21:52:33,819 [INFO] IPUIPlugin:80 - create IPUIPlugin
2024-03-13 21:52:33,819 [INFO] PluginManager:220 - loadIPPluginJar : add dfsdm
2024-03-13 21:52:33,826 [INFO] IPUIPlugin:80 - create IPUIPlugin
2024-03-13 21:52:33,826 [INFO] PluginManager:220 - loadIPPluginJar : add dma
2024-03-13 21:52:33,829 [INFO] IPUIPlugin:80 - create IPUIPlugin
2024-03-13 21:52:33,829 [INFO] PluginManager:220 - loadIPPluginJar : add dma3
2024-03-13 21:52:33,831 [INFO] IPUIPlugin:80 - create IPUIPlugin
2024-03-13 21:52:33,832 [INFO] PluginManager:220 - loadIPPluginJar : add fatfs
2024-03-13 21:52:33,837 [INFO] IPUIPlugin:80 - create IPUIPlugin
2024-03-13 21:52:33,837 [INFO] PluginManager:220 - loadIPPluginJar : add fmc
2024-03-13 21:52:33,843 [INFO] IPUIPlugin:80 - create IPUIPlugin
2024-03-13 21:52:33,843 [INFO] PluginManager:220 - loadIPPluginJar : add freertos
2024-03-13 21:52:33,845 [INFO] IPUIPlugin:80 - create IPUIPlugin
2024-03-13 21:52:33,845 [INFO] PluginManager:220 - loadIPPluginJar : add genericplugin
2024-03-13 21:52:33,848 [INFO] IPUIPlugin:80 - create IPUIPlugin
2024-03-13 21:52:33,848 [INFO] PluginManager:220 - loadIPPluginJar : add gfxmmu
2024-03-13 21:52:33,855 [INFO] IPUIPlugin:80 - create IPUIPlugin
2024-03-13 21:52:33,855 [INFO] PluginManager:220 - loadIPPluginJar : add gic
2024-03-13 21:52:33,860 [INFO] IPUIPlugin:80 - create IPUIPlugin
2024-03-13 21:52:33,861 [INFO] PluginManager:220 - loadIPPluginJar : add gpio
2024-03-13 21:52:33,864 [INFO] IPUIPlugin:80 - create IPUIPlugin
2024-03-13 21:52:33,864 [INFO] PluginManager:220 - loadIPPluginJar : add gtzc
2024-03-13 21:52:33,868 [INFO] IPUIPlugin:80 - create IPUIPlugin
2024-03-13 21:52:33,868 [INFO] PluginManager:220 - loadIPPluginJar : add hash
2024-03-13 21:52:33,871 [INFO] IPUIPlugin:80 - create IPUIPlugin
2024-03-13 21:52:33,872 [INFO] PluginManager:220 - loadIPPluginJar : add i2c
2024-03-13 21:52:33,875 [INFO] IPUIPlugin:80 - create IPUIPlugin
2024-03-13 21:52:33,875 [INFO] PluginManager:220 - loadIPPluginJar : add i2s
2024-03-13 21:52:33,879 [INFO] IPUIPlugin:80 - create IPUIPlugin
2024-03-13 21:52:33,879 [INFO] PluginManager:220 - loadIPPluginJar : add i3c
2024-03-13 21:52:33,884 [INFO] IPUIPlugin:80 - create IPUIPlugin
2024-03-13 21:52:33,884 [INFO] PluginManager:220 - loadIPPluginJar : add ipddr
2024-03-13 21:52:33,892 [INFO] IPUIPlugin:80 - create IPUIPlugin
2024-03-13 21:52:33,892 [INFO] PluginManager:220 - loadIPPluginJar : add linkedlist
2024-03-13 21:52:33,896 [INFO] IPUIPlugin:80 - create IPUIPlugin
2024-03-13 21:52:33,896 [INFO] PluginManager:220 - loadIPPluginJar : add lorawan
2024-03-13 21:52:33,899 [INFO] IPUIPlugin:80 - create IPUIPlugin
2024-03-13 21:52:33,899 [INFO] PluginManager:220 - loadIPPluginJar : add ltdc
2024-03-13 21:52:33,909 [INFO] IPUIPlugin:80 - create IPUIPlugin
2024-03-13 21:52:33,910 [INFO] PluginManager:220 - loadIPPluginJar : add mdma
2024-03-13 21:52:33,916 [INFO] IPUIPlugin:80 - create IPUIPlugin
2024-03-13 21:52:33,916 [INFO] PluginManager:220 - loadIPPluginJar : add nvic
2024-03-13 21:52:33,921 [INFO] IPUIPlugin:80 - create IPUIPlugin
2024-03-13 21:52:33,921 [INFO] PluginManager:220 - loadIPPluginJar : add opamp
2024-03-13 21:52:33,925 [INFO] IPUIPlugin:80 - create IPUIPlugin
2024-03-13 21:52:33,926 [INFO] PluginManager:220 - loadIPPluginJar : add openamp
2024-03-13 21:52:33,930 [INFO] IPUIPlugin:80 - create IPUIPlugin
2024-03-13 21:52:33,930 [INFO] PluginManager:220 - loadIPPluginJar : add pdm2pcm
2024-03-13 21:52:33,939 [INFO] IPUIPlugin:80 - create IPUIPlugin
2024-03-13 21:52:33,943 [INFO] PluginManager:220 - loadIPPluginJar : add plateformsettings
2024-03-13 21:52:33,945 [INFO] IPUIPlugin:80 - create IPUIPlugin
2024-03-13 21:52:33,946 [INFO] PluginManager:220 - loadIPPluginJar : add quadspi
2024-03-13 21:52:33,951 [INFO] IPUIPlugin:80 - create IPUIPlugin
2024-03-13 21:52:33,951 [INFO] PluginManager:220 - loadIPPluginJar : add resmgrutility
2024-03-13 21:52:33,955 [INFO] IPUIPlugin:80 - create IPUIPlugin
2024-03-13 21:52:33,956 [INFO] PluginManager:220 - loadIPPluginJar : add sai
2024-03-13 21:52:33,960 [INFO] IPUIPlugin:80 - create IPUIPlugin
2024-03-13 21:52:33,960 [INFO] PluginManager:220 - loadIPPluginJar : add spi
2024-03-13 21:52:33,967 [INFO] IPUIPlugin:80 - create IPUIPlugin
2024-03-13 21:52:33,967 [INFO] PluginManager:220 - loadIPPluginJar : add stm32_wpan
2024-03-13 21:52:33,971 [INFO] IPUIPlugin:80 - create IPUIPlugin
2024-03-13 21:52:33,971 [INFO] PluginManager:220 - loadIPPluginJar : add tim
2024-03-13 21:52:33,976 [INFO] IPUIPlugin:80 - create IPUIPlugin
2024-03-13 21:52:33,976 [INFO] PluginManager:220 - loadIPPluginJar : add touchsensing
2024-03-13 21:52:33,979 [INFO] IPUIPlugin:80 - create IPUIPlugin
2024-03-13 21:52:33,980 [INFO] PluginManager:220 - loadIPPluginJar : add tracer_emb
2024-03-13 21:52:33,982 [INFO] IPUIPlugin:80 - create IPUIPlugin
2024-03-13 21:52:33,982 [INFO] PluginManager:220 - loadIPPluginJar : add ts
2024-03-13 21:52:33,984 [INFO] IPUIPlugin:80 - create IPUIPlugin
2024-03-13 21:52:33,985 [INFO] PluginManager:220 - loadIPPluginJar : add tsc
2024-03-13 21:52:33,987 [INFO] IPUIPlugin:80 - create IPUIPlugin
2024-03-13 21:52:33,987 [INFO] PluginManager:220 - loadIPPluginJar : add ucpd
2024-03-13 21:52:33,990 [INFO] IPUIPlugin:80 - create IPUIPlugin
2024-03-13 21:52:33,990 [INFO] PluginManager:220 - loadIPPluginJar : add usart
2024-03-13 21:52:33,994 [INFO] IPUIPlugin:80 - create IPUIPlugin
2024-03-13 21:52:33,995 [INFO] PluginManager:220 - loadIPPluginJar : add usbx
2024-03-13 21:52:34,149 [INFO] CADModel:165 - CPN selected for project level
2024-03-13 21:52:34,150 [INFO] CADModel:114 - Register for checkConnection events
2024-03-13 21:52:34,150 [FATAL] Updater:308 - Updater called before beeing initialized
2024-03-13 21:52:34,150 [ERROR] CADModel:125 - Updater not yet initialized, retry later 
2024-03-13 21:52:34,325 [INFO] CADModel:165 - CPN selected for project level
2024-03-13 21:52:34,325 [INFO] CADModel:114 - Register for checkConnection events
2024-03-13 21:52:34,325 [FATAL] Updater:308 - Updater called before beeing initialized
2024-03-13 21:52:34,325 [ERROR] CADModel:125 - Updater not yet initialized, retry later 
2024-03-13 21:52:34,329 [FATAL] Updater:308 - Updater called before beeing initialized
2024-03-13 21:52:34,481 [FATAL] Updater:308 - Updater called before beeing initialized
2024-03-13 21:52:34,488 [INFO] DbMcusAds:53 - JSON generation date=Wed Nov 29 21:52:27 AEDT 2023 (1701255147349)
2024-03-13 21:52:34,488 [FATAL] Updater:308 - Updater called before beeing initialized
2024-03-13 21:52:34,524 [WARN] DetailPanel:346 - Failed to get advertising image, set to default
2024-03-13 21:52:34,616 [FATAL] Updater:308 - Updater called before beeing initialized
2024-03-13 21:52:34,619 [FATAL] Updater:308 - Updater called before beeing initialized
2024-03-13 21:52:34,619 [FATAL] Updater:308 - Updater called before beeing initialized
2024-03-13 21:52:34,619 [WARN] DetailPanel:346 - Failed to get advertising image, set to default
2024-03-13 21:52:34,620 [FATAL] Updater:308 - Updater called before beeing initialized
2024-03-13 21:52:34,687 [ERROR] Updater:1120 - MainUpdater not yet initialized. External WinMGr cannot be set.
2024-03-13 21:52:34,690 [INFO] Updater:1056 - Updater Version found : 6.10.0
2024-03-13 21:52:34,717 [INFO] ApplicationProperties:184 - Using Application install path: C:\ST\STM32CubeIDE_1.14.1\STM32CubeIDE\plugins\com.st.stm32cube.common.mx_6.10.0.202311202037
2024-03-13 21:52:36,276 [INFO] ThirdPartyUpdaterWithRetryManager:70 - Updater plugin not ready yet. [2/15]
2024-03-13 21:52:36,322 [ERROR] LogOutputStream:75 - [STDERR_REDIRECT] Mar 13, 2024 9:52:36 PM java.util.prefs.WindowsPreferences <init>
2024-03-13 21:52:36,324 [ERROR] LogOutputStream:75 - [STDERR_REDIRECT] WARNING: Could not open/create prefs root node Software\JavaSoft\Prefs at root 0xffffffff80000002. Windows RegCreateKeyEx(...) returned error code 5.
2024-03-13 21:52:36,325 [ERROR] LogOutputStream:75 - [STDERR_REDIRECT] 
2024-03-13 21:52:36,756 [INFO] MainUpdater:2873 - connection check result : 10
2024-03-13 21:52:36,757 [INFO] MainUpdater:290 - Updater Check For Update Now.
2024-03-13 21:52:36,758 [INFO] MicroXplorer:498 - Change Database Version : DB.6.0.100
2024-03-13 21:52:36,767 [INFO] McuFinderGlobals:63 - Set McuFinder mode to 2 (CubeIDE integrated)
2024-03-13 21:52:36,768 [INFO] UserAuth:180 - activating auth plugin
2024-03-13 21:52:36,772 [INFO] UserAuth:404 - Internet connection configuration mode: 1
2024-03-13 21:52:36,791 [INFO] JxBrowserEngine:152 - Initiate JxBrowser Engine with user profile folder
2024-03-13 21:52:36,951 [INFO] CheckServerUpdateThread:120 - End of CheckServer Thread
2024-03-13 21:52:37,608 [INFO] WebApp:161 - Instantiating new browser for Auth
2024-03-13 21:52:38,257 [INFO] WebApp:780 - Register for checkConnection events
2024-03-13 21:52:38,257 [INFO] WebApp:414 - Apply proxy settings
2024-03-13 21:52:38,257 [INFO] WebApp:499 - Chromium requires no authentication
2024-03-13 21:52:38,263 [INFO] WebApp:442 - Direct internet connection detected
2024-03-13 21:52:38,412 [INFO] WebApp:192 - Starting web application
2024-03-13 21:52:38,412 [INFO] WebApp:544 - Web application path used C:\ST\STM32CubeIDE_1.14.1\STM32CubeIDE\plugins\com.st.stm32cube.common.mx_6.10.0.202311202037\db\plugins\mcufinder\reactClient1\index.html
2024-03-13 21:52:39,472 [WARN] PackLoader:240 - Cannot read IP mode file for STMicroelectronics.X-CUBE-SMBUS.2.1.0
2024-03-13 21:52:39,486 [WARN] PackLoader:240 - Cannot read IP mode file for STMicroelectronics.X-CUBE-TOUCHGFX.4.23.0
2024-03-13 21:52:39,529 [WARN] PackLoader:240 - Cannot read IP mode file for STMicroelectronics.X-CUBE-AZRTOS-F7.1.1.0
2024-03-13 21:52:39,542 [WARN] PackLoader:240 - Cannot read IP mode file for STMicroelectronics.FP-SNS-MOTENV1.4.3.2
2024-03-13 21:52:39,551 [WARN] PackLoader:240 - Cannot read IP mode file for STMicroelectronics.FP-SNS-FLIGHT1.5.0.2
2024-03-13 21:52:39,562 [WARN] PackLoader:240 - Cannot read IP mode file for STMicroelectronics.X-CUBE-DISPLAY.3.0.0
2024-03-13 21:52:39,577 [WARN] PackLoader:240 - Cannot read IP mode file for STMicroelectronics.X-CUBE-BLE1.7.0.0
2024-03-13 21:52:39,585 [WARN] PackLoader:240 - Cannot read IP mode file for emotas.I-CUBE-CANOPEN.1.3.0
2024-03-13 21:52:39,600 [WARN] PackLoader:240 - Cannot read IP mode file for STMicroelectronics.X-CUBE-BLEMGR.3.1.0
2024-03-13 21:52:39,609 [WARN] PackLoader:240 - Cannot read IP mode file for STMicroelectronics.FP-SNS-SMARTAG2.1.2.0
2024-03-13 21:52:39,621 [INFO] LogOutputStream:77 - [STDOUT_REDIRECT] 1 : Invalid condition id : UX_CORESTACK_Condition cause : null
2024-03-13 21:52:39,622 [INFO] LogOutputStream:77 - [STDOUT_REDIRECT] 1 : Invalid condition id : UX_CORESTACK_Condition cause : null
2024-03-13 21:52:39,623 [INFO] LogOutputStream:77 - [STDOUT_REDIRECT] 1 : Invalid condition id : UX_CORESTACK_Condition cause : null
2024-03-13 21:52:39,624 [INFO] LogOutputStream:77 - [STDOUT_REDIRECT] 1 : Invalid condition id : UX_CORESTACK_Condition cause : null
2024-03-13 21:52:39,626 [INFO] LogOutputStream:77 - [STDOUT_REDIRECT] 1 : Invalid condition id : UX_CORESTACK_Condition cause : null
2024-03-13 21:52:39,631 [WARN] PackLoader:240 - Cannot read IP mode file for STMicroelectronics.X-CUBE-AZRTOS-WL.2.0.0
2024-03-13 21:52:39,642 [WARN] PackLoader:240 - Cannot read IP mode file for WES.I-CUBE-Cesium.1.3.0
2024-03-13 21:52:39,649 [WARN] PackLoader:240 - Cannot read IP mode file for STMicroelectronics.X-CUBE-BLE2.3.3.0
2024-03-13 21:52:39,657 [WARN] PackLoader:240 - Cannot read IP mode file for STMicroelectronics.X-CUBE-ALGOBUILD.1.3.0
2024-03-13 21:52:39,686 [WARN] PackLoader:240 - Cannot read IP mode file for STMicroelectronics.X-CUBE-AZRTOS-G0.1.1.0
2024-03-13 21:52:39,696 [WARN] PackLoader:240 - Cannot read IP mode file for STMicroelectronics.X-CUBE-NFC4.3.0.0
2024-03-13 21:52:39,709 [WARN] PackLoader:240 - Cannot read IP mode file for STMicroelectronics.X-CUBE-BLEMGR.3.0.0
2024-03-13 21:52:39,736 [WARN] PackLoader:240 - Cannot read IP mode file for STMicroelectronics.FP-ATR-SIGFOX1.3.2.0
2024-03-13 21:52:39,744 [WARN] PackLoader:240 - Cannot read IP mode file for STMicroelectronics.X-CUBE-EEPRMA1.5.1.0
2024-03-13 21:52:39,789 [WARN] PackLoader:240 - Cannot read IP mode file for SEGGER.I-CUBE-embOS.1.3.1
2024-03-13 21:52:39,821 [WARN] PackLoader:240 - Cannot read IP mode file for STMicroelectronics.X-CUBE-GNSS1.6.0.0
2024-03-13 21:52:39,836 [WARN] PackLoader:240 - Cannot read IP mode file for STMicroelectronics.X-CUBE-AZRTOS-F4.1.1.0
2024-03-13 21:52:39,843 [WARN] PackLoader:240 - Cannot read IP mode file for wolfSSL.I-CUBE-wolfSSL.5.6.6
2024-03-13 21:52:39,864 [WARN] PackLoader:240 - Cannot read IP mode file for STMicroelectronics.X-CUBE-AZRTOS-L5.2.0.0
2024-03-13 21:52:39,873 [WARN] PackLoader:240 - Cannot read IP mode file for ITTIA_DB.I-CUBE-ITTIADB.8.8.0
2024-03-13 21:52:39,878 [WARN] PackLoader:240 - Cannot read IP mode file for STMicroelectronics.X-CUBE-NFC7.1.0.1
2024-03-13 21:52:39,886 [WARN] PackLoader:240 - Cannot read IP mode file for STMicroelectronics.X-CUBE-NFC6.3.0.0
2024-03-13 21:52:39,892 [WARN] PackLoader:240 - Cannot read IP mode file for STMicroelectronics.X-CUBE-AI.8.1.0
2024-03-13 21:52:39,907 [WARN] ConditionMgr:438 - getConditionDescription Invalid condition id : LAN8742 Phy interface Condition cause : null
2024-03-13 21:52:39,908 [WARN] PackLoader:240 - Cannot read IP mode file for STMicroelectronics.X-CUBE-AZRTOS-L4.2.0.0
2024-03-13 21:52:39,909 [WARN] ConditionMgr:1039 - genDependencies : Invalid condition id : LAN8742 Phy interface Condition cause : null
2024-03-13 21:52:39,910 [WARN] ConditionMgr:1039 - genDependencies : Invalid condition id : LAN8742 Phy interface Condition cause : null
2024-03-13 21:52:39,911 [WARN] ConditionMgr:1039 - genDependencies : Invalid condition id : LAN8742 Phy interface Condition cause : null
2024-03-13 21:52:39,924 [WARN] PackLoader:240 - Cannot read IP mode file for STMicroelectronics.X-CUBE-SFXS2LP1.4.0.0
2024-03-13 21:52:39,941 [WARN] ConditionMgr:438 - getConditionDescription Invalid condition id : UX DEVICE CLASS RTOS Condition cause : null
2024-03-13 21:52:39,942 [WARN] ConditionMgr:438 - getConditionDescription Invalid condition id : UX DEVICE CLASS RTOS Condition cause : null
2024-03-13 21:52:39,944 [WARN] PackLoader:240 - Cannot read IP mode file for STMicroelectronics.X-CUBE-AZRTOS-WB.2.0.0
2024-03-13 21:52:39,944 [WARN] ConditionMgr:1039 - genDependencies : Invalid condition id : UX DEVICE CLASS RTOS Condition cause : null
2024-03-13 21:52:39,944 [WARN] ConditionMgr:1039 - genDependencies : Invalid condition id : UX DEVICE CLASS RTOS Condition cause : null
2024-03-13 21:52:39,945 [WARN] ConditionMgr:1039 - genDependencies : Invalid condition id : UX DEVICE CLASS RTOS Condition cause : null
2024-03-13 21:52:39,945 [WARN] ConditionMgr:1039 - genDependencies : Invalid condition id : UX DEVICE CLASS RTOS Condition cause : null
2024-03-13 21:52:39,945 [WARN] ConditionMgr:1039 - genDependencies : Invalid condition id : UX DEVICE CLASS RTOS Condition cause : null
2024-03-13 21:52:39,953 [WARN] PackLoader:240 - Cannot read IP mode file for STMicroelectronics.X-CUBE-SUBG2.5.0.0
2024-03-13 21:52:39,969 [WARN] PackLoader:240 - Cannot read IP mode file for STMicroelectronics.X-CUBE-AZRTOS-G4.2.0.0
2024-03-13 21:52:39,980 [WARN] PackLoader:240 - Cannot read IP mode file for Infineon.AIROC-Wi-Fi-Bluetooth-STM32.1.5.1
2024-03-13 21:52:39,986 [WARN] PackLoader:240 - Cannot read IP mode file for STMicroelectronics.FP-SNS-MOTENVWB1.1.3.1
2024-03-13 21:52:39,991 [WARN] PackLoader:240 - Cannot read IP mode file for STMicroelectronics.X-CUBE-ISPU.2.0.0
2024-03-13 21:52:40,019 [WARN] PackLoader:240 - Cannot read IP mode file for STMicroelectronics.X-CUBE-MEMS1.10.0.0
2024-03-13 21:52:40,115 [WARN] PackLoader:240 - Cannot read IP mode file for STMicroelectronics.X-CUBE-FREERTOS.1.1.0
2024-03-13 21:52:40,125 [WARN] PackLoader:240 - Cannot read IP mode file for portGmbH.I-Cube-SoM-uGOAL.1.1.0
2024-03-13 21:52:40,129 [WARN] PackLoader:240 - Cannot read IP mode file for STMicroelectronics.X-CUBE-ALS.1.0.1
2024-03-13 21:52:40,134 [WARN] PackLoader:240 - Cannot read IP mode file for STMicroelectronics.FP-ATR-ASTRA1.2.0.0
2024-03-13 21:52:40,142 [WARN] PackLoader:240 - Cannot read IP mode file for STMicroelectronics.X-CUBE-TOF1.3.4.0
2024-03-13 21:52:40,160 [WARN] PackLoader:240 - Cannot read IP mode file for STMicroelectronics.X-CUBE-TOF1.3.4.1
2024-03-13 21:52:40,183 [WARN] PackLoader:240 - Cannot read IP mode file for STMicroelectronics.X-CUBE-AZRTOS-H7.3.2.0
2024-03-13 21:52:40,186 [INFO] ThirdParty:978 - Integrity check success = true
2024-03-13 21:52:40,186 [INFO] IntegrityCheckThread:100 - exiting critical section [integrity check]
2024-03-13 21:52:40,186 [INFO] IntegrityCheckThread:103 - End integrity checks thread
2024-03-13 21:52:48,472 [INFO] McuFinderGlobals:63 - Set McuFinder mode to 2 (CubeIDE integrated)
2024-03-13 21:52:48,474 [INFO] MainUpdater:2873 - connection check result : 10
2024-03-13 21:52:48,826 [INFO] ApiDb:581 - Connected to CubeFinder SQLite database (C:\Users\Tiago\.stmcufinder\plugins\mcufinder\mcu\cube-finder-db.db)
2024-03-13 21:52:48,882 [INFO] ApiDb:668 - CubeFinder database Data Model version=2.1
2024-03-13 21:52:48,882 [INFO] ApiDb:669 - CubeFinder database Configuration version=3.0.39
2024-03-13 21:52:48,883 [INFO] ApiDb:670 - CubeFinder database generation date=2024-02-20 (1708350410)
2024-03-13 21:52:48,883 [INFO] ApiDb:671 - CubeFinder database FW Pack versions=[FP-ATR-ASTRA1_V2.0.0, FP-SNS-FLIGHT1_V5.0.1, FP-SNS-FLIGHT1_V5.0.2, FP-SNS-MOTENV1_V4.3.1, FP-SNS-MOTENV1_V4.3.2, FP-SNS-MOTENVWB1_V1.3.1, FP-SNS-SMARTAG2_V1.2.0, STM32Cube_FW_C0_V1.1.0, STM32Cube_FW_F4_V1.28.0, STM32Cube_FW_F7_V1.17.0, STM32Cube_FW_G0_V1.6.2, STM32Cube_FW_G4_V1.5.2, STM32Cube_FW_H5_V0.5.1, STM32Cube_FW_H5_V1.1.1, STM32Cube_FW_H5_V1.2.0RC2, STM32Cube_FW_H7_V1.11.0, STM32Cube_FW_L0_V1.12.2, STM32Cube_FW_L5_V1.5.0, STM32Cube_FW_U5_V1.3.0RC4, STM32Cube_FW_U5_V1.4.0, STM32Cube_FW_WBA_V1.0.0RC1, STM32Cube_FW_WBA_V1.1.0RC1, STM32Cube_FW_WBA_V1.2.0, STM32Cube_FW_WBA_V1.2.0RC2, STM32Cube_FW_WB_V1.15.0RC1, STM32Cube_FW_WB_V1.16.0, STM32Cube_FW_WB_V1.16.0RC2, STM32Cube_FW_WB_V1.18.0, STM32Cube_FW_WL_V1.3.0, X-CUBE-ALGOBUILD_V1.3.0, X-CUBE-ALS_V1.0.1, X-CUBE-AZRTOS-F4_V1.1.0, X-CUBE-AZRTOS-F7_V1.1.0, X-CUBE-AZRTOS-G0_V1.1.0, X-CUBE-AZRTOS-G4_V2.0.0, X-CUBE-AZRTOS-H7_V3.2.0, X-CUBE-AZRTOS-L4_V1.0.0, X-CUBE-AZRTOS-L4_V2.0.0, X-CUBE-AZRTOS-L5_V1.1.0, X-CUBE-AZRTOS-WB_V2.0.0, X-CUBE-AZRTOS-WL_V2.0.0, X-CUBE-BLE1_V7.0.0, X-CUBE-BLE2_V3.3.0, X-CUBE-BLEMGR_V3.0.0, X-CUBE-EEPRMA1_V4.1.0, X-CUBE-EEPRMA1_V5.1.0, X-CUBE-FREERTOS_V1.1.0, X-CUBE-GNSS1_V6.0.0, X-CUBE-MEMS1_V10.0.0, X-CUBE-MEMS1_V9.1.0, X-CUBE-MEMS1_V9.4.0, X-CUBE-MEMS1_V9.6.0, X-CUBE-NFC4_V3.0.0, X-CUBE-NFC7_V1.0.1, X-CUBE-SFXS2LP1_V4.0.0, X-CUBE-SUBG2_V5.0.0, X-CUBE-TOF1_V3.4.0]
2024-03-13 21:52:48,945 [INFO] DbBoardsSqlite:226 - include board P-NUCLEO-WB55-NUCLEO as a kit item of type 'Nucleo-64'
2024-03-13 21:52:48,945 [INFO] DbBoardsSqlite:226 - include board P-NUCLEO-WB55-USBDONGLE as a kit item of type 'Nucleo USB Dongle'
2024-03-13 21:52:48,946 [INFO] DbBoardsSqlite:226 - include board STEVAL-IDP005V1 as a kit item of type 'Evaluation Board'
2024-03-13 21:52:48,946 [INFO] DbBoardsSqlite:226 - include board STEVAL-IDP005V2 as a kit item of type 'Evaluation Board'
2024-03-13 21:52:48,993 [INFO] ApiDb:240 - Found 371 in-development CPN: [B-G473E-ZEST1S, B-WB1M-WPAN1, B-WL5M-SUBG1, NUCLEO-C031C6, NUCLEO-H503RB, NUCLEO-H563ZI, NUCLEO-U545RE-Q, NUCLEO-U5A5ZJ-Q, NUCLEO-WBA52CG, NUCLEO-WBA55CG, STEVAL-MKBOXPRO, STEVAL-PROTEUS1, STEVAL-STWINBX1, STM320518-EVAL, STM32C0116-DK, STM32C011D6Y3TR, STM32C011D6Y6TR, STM32C011F4P3, STM32C011F4P6, STM32C011F4U3, STM32C011F4U6TR, STM32C011F6P3, STM32C011F6P6, STM32C011F6U3, STM32C011F6U6TR, STM32C011J4M3, STM32C011J4M6, STM32C011J6M3, STM32C011J6M6, STM32C0316-DK, STM32C031C4T3, STM32C031C4T6, STM32C031C4U3, STM32C031C4U6, STM32C031C6T3, STM32C031C6T6, STM32C031C6U3, STM32C031C6U6, STM32C031F4P3, STM32C031F4P6, STM32C031F6P3, STM32C031F6P6, STM32C031G4U3, STM32C031G4U6, STM32C031G6U3, STM32C031G6U6, STM32C031K4T3, STM32C031K4T6, STM32C031K4U3, STM32C031K4U6, STM32C031K6T3, STM32C031K6T6, STM32C031K6U3, STM32C031K6U6, STM32G071K8TXN, STM32G071K8UXN, STM32G081GBU6N, STM32G081KBT6N, STM32G081KBUXN, STM32G0B1CCT6N, STM32G0B1KCT6, STM32G0B1NEY6TR, STM32G0B1RCT6N, STM32G0C1CCT6, STM32G0C1CCT6N, STM32G0C1CCU6N, STM32G0C1CET6N, STM32G0C1CEU6N, STM32G0C1KCT6, STM32G0C1NEY6TR, STM32G0C1RCI6N, STM32G0C1RCT6N, STM32G0C1REI6N, STM32G0C1RET6N, STM32G0C1VCI6, STM32G0C1VEI6, STM32G471CCT6, STM32G471CCU6, STM32G471CET3, STM32G471CET6, STM32G471CEU3, STM32G471CEU6, STM32G471MCT6, STM32G471MET3, STM32G471MET6, STM32G471MEY6TR, STM32G471QCT6, STM32G471QET3, STM32G471RCT6, STM32G471RET3, STM32G471RET6, STM32G471VCH6, STM32G471VCI6, STM32G471VCT6, STM32G471VEH3, STM32G471VEH6, STM32G471VEI3, STM32G471VEI6, STM32G471VET3, STM32G471VET6, STM32G474CCT6, STM32H503CBT6, STM32H503CBU6, STM32H503EBY6TR, STM32H503KBU6, STM32H503RBT6, STM32H562AGI6, STM32H562AII6, STM32H562IGK6, STM32H562IGT6, STM32H562IIK6, STM32H562IIT6, STM32H562RGT6, STM32H562RGV6, STM32H562RIT6, STM32H562RIV6, STM32H562VGT6, STM32H562VIT6, STM32H562ZGT6, STM32H562ZIT6, STM32H563AGI6, STM32H563AII3Q, STM32H563AII6, STM32H563IGK6, STM32H563IGT6, STM32H563IIK3Q, STM32H563IIK6, STM32H563IIT3Q, STM32H563IIT6, STM32H563MIY3QTR, STM32H563RGT6, STM32H563RGV6, STM32H563RIT6, STM32H563RIV6, STM32H563VGT6, STM32H563VIT3Q, STM32H563VIT6, STM32H563ZGT6, STM32H563ZIT3Q, STM32H563ZIT6, STM32H573AII3Q, STM32H573AII6, STM32H573I-DK, STM32H573IIK3Q, STM32H573IIK6, STM32H573IIT3Q, STM32H573IIT6, STM32H573MIY3QTR, STM32H573RIT6, STM32H573RIV6, STM32H573VIT3Q, STM32H573VIT6, STM32H573ZIT3Q, STM32H573ZIT6, STM32L4R5QGI6STR, STM32MP131AAE3, STM32MP131AAF3, STM32MP131AAG3, STM32MP131CAE3, STM32MP131CAF3, STM32MP131CAG3, STM32MP131DAE7, STM32MP131DAF7, STM32MP131DAG7, STM32MP131FAE7, STM32MP131FAF7, STM32MP131FAG7, STM32MP133AAE3, STM32MP133AAF3, STM32MP133AAG3, STM32MP133CAE3, STM32MP133CAF3, STM32MP133CAG3, STM32MP133DAE7, STM32MP133DAF7, STM32MP133DAG7, STM32MP133FAE7, STM32MP133FAF7, STM32MP133FAG7, STM32MP135AAE3, STM32MP135AAF3, STM32MP135AAG3, STM32MP135CAE3, STM32MP135CAF3, STM32MP135CAG3, STM32MP135DAE7, STM32MP135DAF7, STM32MP135DAG7, STM32MP135F-DK, STM32MP135FAE7, STM32MP135FAF7, STM32MP135FAF7T, STM32MP135FAF7U, STM32MP135FAG7, STM32U535CBT6, STM32U535CBT6Q, STM32U535CBU6, STM32U535CBU6Q, STM32U535CCT6, STM32U535CCT6Q, STM32U535CCU6, STM32U535CCU6Q, STM32U535CET6, STM32U535CET6Q, STM32U535CEU6, STM32U535CEU6Q, STM32U535JEY6QTR, STM32U535NCY6QTR, STM32U535NEY6QTR, STM32U535RBI6, STM32U535RBI6Q, STM32U535RBT6, STM32U535RBT6Q, STM32U535RCI6, STM32U535RCI6Q, STM32U535RCT6, STM32U535RCT6Q, STM32U535REI6, STM32U535REI6Q, STM32U535RET6, STM32U535RET6Q, STM32U535VCI6, STM32U535VCI6Q, STM32U535VCT6, STM32U535VCT6Q, STM32U535VEI6, STM32U535VEI6Q, STM32U535VET6, STM32U535VET6Q, STM32U545CET6, STM32U545CET6Q, STM32U545CEU6, STM32U545CEU6Q, STM32U545JEY6QTR, STM32U545NEY6QTR, STM32U545REI6, STM32U545REI6Q, STM32U545RET6, STM32U545RET6Q, STM32U545VEI6, STM32U545VEI6Q, STM32U545VET6, STM32U545VET6Q, STM32U595AIH6, STM32U595AIH6Q, STM32U595AJH6, STM32U595AJH6Q, STM32U595QII6, STM32U595QII6Q, STM32U595QJI6, STM32U595QJI6Q, STM32U595RIT6, STM32U595RIT6Q, STM32U595RJT6, STM32U595RJT6Q, STM32U595VIT6, STM32U595VIT6Q, STM32U595VJT6, STM32U595VJT6Q, STM32U595ZIT6, STM32U595ZIT6Q, STM32U595ZIY6QTR, STM32U595ZJT6, STM32U595ZJT6Q, STM32U595ZJY6QTR, STM32U599BJY6QTR, STM32U599NIH6Q, STM32U599NJH6Q, STM32U599VIT6Q, STM32U599VJT6, STM32U599VJT6Q, STM32U599ZIT6Q, STM32U599ZIY6QTR, STM32U599ZJT6Q, STM32U599ZJY6QTR, STM32U5A5AJH6, STM32U5A5AJH6Q, STM32U5A5QJI6, STM32U5A5QJI6Q, STM32U5A5RJT6, STM32U5A5RJT6Q, STM32U5A5VJT6, STM32U5A5VJT6Q, STM32U5A5ZJT6, STM32U5A5ZJT6Q, STM32U5A5ZJY6QTR, STM32U5A9BJY6QTR, STM32U5A9J-DK, STM32U5A9NJH6Q, STM32U5A9VJT6Q, STM32U5A9ZJT6Q, STM32U5A9ZJY6QTR, STM32U5F7VIT6, STM32U5F7VIT6Q, STM32U5F7VJT6, STM32U5F7VJT6Q, STM32U5F9BJY6QTR, STM32U5F9NJH6Q, STM32U5F9VIT6Q, STM32U5F9VJT6Q, STM32U5F9ZIJ6QTR, STM32U5F9ZIT6Q, STM32U5F9ZJJ6QTR, STM32U5F9ZJT6Q, STM32U5G7VJT6, STM32U5G7VJT6Q, STM32U5G9BJY6QTR, STM32U5G9J-DK1, STM32U5G9J-DK2, STM32U5G9NJH6Q, STM32U5G9VJT6Q, STM32U5G9ZJJ6QTR, STM32U5G9ZJT6Q, STM32WB1MMCH6, STM32WBA50KEU6, STM32WBA50KEU6TR, STM32WBA50KGU6, STM32WBA50KGU6TR, STM32WBA52CEU6, STM32WBA52CEU6TR, STM32WBA52CEU7, STM32WBA52CEU7TR, STM32WBA52CGU6, STM32WBA52CGU6TR, STM32WBA52CGU6U, STM32WBA52CGU7, STM32WBA52CGU7TR, STM32WBA52KEU6, STM32WBA52KEU6TR, STM32WBA52KGU6, STM32WBA52KGU6TR, STM32WBA54CEU6, STM32WBA54CEU6TR, STM32WBA54CEU7, STM32WBA54CEU7TR, STM32WBA54CGU6, STM32WBA54CGU6TR, STM32WBA54CGU7, STM32WBA54CGU7TR, STM32WBA54KEU6, STM32WBA54KEU6TR, STM32WBA54KEU7, STM32WBA54KEU7TR, STM32WBA54KGU6, STM32WBA54KGU6TR, STM32WBA54KGU7, STM32WBA54KGU7TR, STM32WBA55CEU6, STM32WBA55CEU6TR, STM32WBA55CEU7, STM32WBA55CEU7TR, STM32WBA55CGU6, STM32WBA55CGU6TR, STM32WBA55CGU6U, STM32WBA55CGU7, STM32WBA55CGU7TR, STM32WBA55G-DK1, STM32WBA55HEF6, STM32WBA55HEF7, STM32WBA55HGF6, STM32WBA55HGF7, STM32WBA55UEI6, STM32WBA55UEI6TR, STM32WBA55UEI7, STM32WBA55UEI7TR, STM32WBA55UGI6, STM32WBA55UGI6TR, STM32WBA55UGI7, STM32WBA55UGI7TR, STM32WL5MOCH6, STM32WL5MOCH6TR]
2024-03-13 21:52:49,108 [INFO] BoardInfo:889 - No configuration file found for board P-NUCLEO-WB55
2024-03-13 21:52:49,109 [INFO] DbBoards:161 - Kit is not supported: P-NUCLEO-WB55
2024-03-13 21:52:49,113 [INFO] BoardInfo:889 - No configuration file found for board STEVAL-BFA001V1B
2024-03-13 21:52:49,113 [INFO] DbBoards:161 - Kit is not supported: STEVAL-BFA001V1B
2024-03-13 21:52:49,115 [INFO] BoardInfo:889 - No configuration file found for board STEVAL-BFA001V2B
2024-03-13 21:52:49,115 [INFO] DbBoards:161 - Kit is not supported: STEVAL-BFA001V2B
2024-03-13 21:52:49,236 [INFO] DbBoards:168 - Found 193 boards, 190 are supported
2024-03-13 21:52:49,237 [INFO] DbBoards:169 - Found 193 boards, 3 of them is supported for  Bsp
2024-03-13 21:52:49,240 [INFO] ApiDb:668 - CubeFinder database Data Model version=2.1
2024-03-13 21:52:49,241 [INFO] ApiDb:669 - CubeFinder database Configuration version=3.0.39
2024-03-13 21:52:49,241 [INFO] ApiDb:670 - CubeFinder database generation date=2024-02-20 (1708350410)
2024-03-13 21:52:49,241 [INFO] ApiDb:671 - CubeFinder database FW Pack versions=[FP-ATR-ASTRA1_V2.0.0, FP-SNS-FLIGHT1_V5.0.1, FP-SNS-FLIGHT1_V5.0.2, FP-SNS-MOTENV1_V4.3.1, FP-SNS-MOTENV1_V4.3.2, FP-SNS-MOTENVWB1_V1.3.1, FP-SNS-SMARTAG2_V1.2.0, STM32Cube_FW_C0_V1.1.0, STM32Cube_FW_F4_V1.28.0, STM32Cube_FW_F7_V1.17.0, STM32Cube_FW_G0_V1.6.2, STM32Cube_FW_G4_V1.5.2, STM32Cube_FW_H5_V0.5.1, STM32Cube_FW_H5_V1.1.1, STM32Cube_FW_H5_V1.2.0RC2, STM32Cube_FW_H7_V1.11.0, STM32Cube_FW_L0_V1.12.2, STM32Cube_FW_L5_V1.5.0, STM32Cube_FW_U5_V1.3.0RC4, STM32Cube_FW_U5_V1.4.0, STM32Cube_FW_WBA_V1.0.0RC1, STM32Cube_FW_WBA_V1.1.0RC1, STM32Cube_FW_WBA_V1.2.0, STM32Cube_FW_WBA_V1.2.0RC2, STM32Cube_FW_WB_V1.15.0RC1, STM32Cube_FW_WB_V1.16.0, STM32Cube_FW_WB_V1.16.0RC2, STM32Cube_FW_WB_V1.18.0, STM32Cube_FW_WL_V1.3.0, X-CUBE-ALGOBUILD_V1.3.0, X-CUBE-ALS_V1.0.1, X-CUBE-AZRTOS-F4_V1.1.0, X-CUBE-AZRTOS-F7_V1.1.0, X-CUBE-AZRTOS-G0_V1.1.0, X-CUBE-AZRTOS-G4_V2.0.0, X-CUBE-AZRTOS-H7_V3.2.0, X-CUBE-AZRTOS-L4_V1.0.0, X-CUBE-AZRTOS-L4_V2.0.0, X-CUBE-AZRTOS-L5_V1.1.0, X-CUBE-AZRTOS-WB_V2.0.0, X-CUBE-AZRTOS-WL_V2.0.0, X-CUBE-BLE1_V7.0.0, X-CUBE-BLE2_V3.3.0, X-CUBE-BLEMGR_V3.0.0, X-CUBE-EEPRMA1_V4.1.0, X-CUBE-EEPRMA1_V5.1.0, X-CUBE-FREERTOS_V1.1.0, X-CUBE-GNSS1_V6.0.0, X-CUBE-MEMS1_V10.0.0, X-CUBE-MEMS1_V9.1.0, X-CUBE-MEMS1_V9.4.0, X-CUBE-MEMS1_V9.6.0, X-CUBE-NFC4_V3.0.0, X-CUBE-NFC7_V1.0.1, X-CUBE-SFXS2LP1_V4.0.0, X-CUBE-SUBG2_V5.0.0, X-CUBE-TOF1_V3.4.0]
2024-03-13 21:52:50,986 [INFO] ApiDb:240 - Found 371 in-development CPN: [B-G473E-ZEST1S, B-WB1M-WPAN1, B-WL5M-SUBG1, NUCLEO-C031C6, NUCLEO-H503RB, NUCLEO-H563ZI, NUCLEO-U545RE-Q, NUCLEO-U5A5ZJ-Q, NUCLEO-WBA52CG, NUCLEO-WBA55CG, STEVAL-MKBOXPRO, STEVAL-PROTEUS1, STEVAL-STWINBX1, STM320518-EVAL, STM32C0116-DK, STM32C011D6Y3TR, STM32C011D6Y6TR, STM32C011F4P3, STM32C011F4P6, STM32C011F4U3, STM32C011F4U6TR, STM32C011F6P3, STM32C011F6P6, STM32C011F6U3, STM32C011F6U6TR, STM32C011J4M3, STM32C011J4M6, STM32C011J6M3, STM32C011J6M6, STM32C0316-DK, STM32C031C4T3, STM32C031C4T6, STM32C031C4U3, STM32C031C4U6, STM32C031C6T3, STM32C031C6T6, STM32C031C6U3, STM32C031C6U6, STM32C031F4P3, STM32C031F4P6, STM32C031F6P3, STM32C031F6P6, STM32C031G4U3, STM32C031G4U6, STM32C031G6U3, STM32C031G6U6, STM32C031K4T3, STM32C031K4T6, STM32C031K4U3, STM32C031K4U6, STM32C031K6T3, STM32C031K6T6, STM32C031K6U3, STM32C031K6U6, STM32G071K8TXN, STM32G071K8UXN, STM32G081GBU6N, STM32G081KBT6N, STM32G081KBUXN, STM32G0B1CCT6N, STM32G0B1KCT6, STM32G0B1NEY6TR, STM32G0B1RCT6N, STM32G0C1CCT6, STM32G0C1CCT6N, STM32G0C1CCU6N, STM32G0C1CET6N, STM32G0C1CEU6N, STM32G0C1KCT6, STM32G0C1NEY6TR, STM32G0C1RCI6N, STM32G0C1RCT6N, STM32G0C1REI6N, STM32G0C1RET6N, STM32G0C1VCI6, STM32G0C1VEI6, STM32G471CCT6, STM32G471CCU6, STM32G471CET3, STM32G471CET6, STM32G471CEU3, STM32G471CEU6, STM32G471MCT6, STM32G471MET3, STM32G471MET6, STM32G471MEY6TR, STM32G471QCT6, STM32G471QET3, STM32G471RCT6, STM32G471RET3, STM32G471RET6, STM32G471VCH6, STM32G471VCI6, STM32G471VCT6, STM32G471VEH3, STM32G471VEH6, STM32G471VEI3, STM32G471VEI6, STM32G471VET3, STM32G471VET6, STM32G474CCT6, STM32H503CBT6, STM32H503CBU6, STM32H503EBY6TR, STM32H503KBU6, STM32H503RBT6, STM32H562AGI6, STM32H562AII6, STM32H562IGK6, STM32H562IGT6, STM32H562IIK6, STM32H562IIT6, STM32H562RGT6, STM32H562RGV6, STM32H562RIT6, STM32H562RIV6, STM32H562VGT6, STM32H562VIT6, STM32H562ZGT6, STM32H562ZIT6, STM32H563AGI6, STM32H563AII3Q, STM32H563AII6, STM32H563IGK6, STM32H563IGT6, STM32H563IIK3Q, STM32H563IIK6, STM32H563IIT3Q, STM32H563IIT6, STM32H563MIY3QTR, STM32H563RGT6, STM32H563RGV6, STM32H563RIT6, STM32H563RIV6, STM32H563VGT6, STM32H563VIT3Q, STM32H563VIT6, STM32H563ZGT6, STM32H563ZIT3Q, STM32H563ZIT6, STM32H573AII3Q, STM32H573AII6, STM32H573I-DK, STM32H573IIK3Q, STM32H573IIK6, STM32H573IIT3Q, STM32H573IIT6, STM32H573MIY3QTR, STM32H573RIT6, STM32H573RIV6, STM32H573VIT3Q, STM32H573VIT6, STM32H573ZIT3Q, STM32H573ZIT6, STM32L4R5QGI6STR, STM32MP131AAE3, STM32MP131AAF3, STM32MP131AAG3, STM32MP131CAE3, STM32MP131CAF3, STM32MP131CAG3, STM32MP131DAE7, STM32MP131DAF7, STM32MP131DAG7, STM32MP131FAE7, STM32MP131FAF7, STM32MP131FAG7, STM32MP133AAE3, STM32MP133AAF3, STM32MP133AAG3, STM32MP133CAE3, STM32MP133CAF3, STM32MP133CAG3, STM32MP133DAE7, STM32MP133DAF7, STM32MP133DAG7, STM32MP133FAE7, STM32MP133FAF7, STM32MP133FAG7, STM32MP135AAE3, STM32MP135AAF3, STM32MP135AAG3, STM32MP135CAE3, STM32MP135CAF3, STM32MP135CAG3, STM32MP135DAE7, STM32MP135DAF7, STM32MP135DAG7, STM32MP135F-DK, STM32MP135FAE7, STM32MP135FAF7, STM32MP135FAF7T, STM32MP135FAF7U, STM32MP135FAG7, STM32U535CBT6, STM32U535CBT6Q, STM32U535CBU6, STM32U535CBU6Q, STM32U535CCT6, STM32U535CCT6Q, STM32U535CCU6, STM32U535CCU6Q, STM32U535CET6, STM32U535CET6Q, STM32U535CEU6, STM32U535CEU6Q, STM32U535JEY6QTR, STM32U535NCY6QTR, STM32U535NEY6QTR, STM32U535RBI6, STM32U535RBI6Q, STM32U535RBT6, STM32U535RBT6Q, STM32U535RCI6, STM32U535RCI6Q, STM32U535RCT6, STM32U535RCT6Q, STM32U535REI6, STM32U535REI6Q, STM32U535RET6, STM32U535RET6Q, STM32U535VCI6, STM32U535VCI6Q, STM32U535VCT6, STM32U535VCT6Q, STM32U535VEI6, STM32U535VEI6Q, STM32U535VET6, STM32U535VET6Q, STM32U545CET6, STM32U545CET6Q, STM32U545CEU6, STM32U545CEU6Q, STM32U545JEY6QTR, STM32U545NEY6QTR, STM32U545REI6, STM32U545REI6Q, STM32U545RET6, STM32U545RET6Q, STM32U545VEI6, STM32U545VEI6Q, STM32U545VET6, STM32U545VET6Q, STM32U595AIH6, STM32U595AIH6Q, STM32U595AJH6, STM32U595AJH6Q, STM32U595QII6, STM32U595QII6Q, STM32U595QJI6, STM32U595QJI6Q, STM32U595RIT6, STM32U595RIT6Q, STM32U595RJT6, STM32U595RJT6Q, STM32U595VIT6, STM32U595VIT6Q, STM32U595VJT6, STM32U595VJT6Q, STM32U595ZIT6, STM32U595ZIT6Q, STM32U595ZIY6QTR, STM32U595ZJT6, STM32U595ZJT6Q, STM32U595ZJY6QTR, STM32U599BJY6QTR, STM32U599NIH6Q, STM32U599NJH6Q, STM32U599VIT6Q, STM32U599VJT6, STM32U599VJT6Q, STM32U599ZIT6Q, STM32U599ZIY6QTR, STM32U599ZJT6Q, STM32U599ZJY6QTR, STM32U5A5AJH6, STM32U5A5AJH6Q, STM32U5A5QJI6, STM32U5A5QJI6Q, STM32U5A5RJT6, STM32U5A5RJT6Q, STM32U5A5VJT6, STM32U5A5VJT6Q, STM32U5A5ZJT6, STM32U5A5ZJT6Q, STM32U5A5ZJY6QTR, STM32U5A9BJY6QTR, STM32U5A9J-DK, STM32U5A9NJH6Q, STM32U5A9VJT6Q, STM32U5A9ZJT6Q, STM32U5A9ZJY6QTR, STM32U5F7VIT6, STM32U5F7VIT6Q, STM32U5F7VJT6, STM32U5F7VJT6Q, STM32U5F9BJY6QTR, STM32U5F9NJH6Q, STM32U5F9VIT6Q, STM32U5F9VJT6Q, STM32U5F9ZIJ6QTR, STM32U5F9ZIT6Q, STM32U5F9ZJJ6QTR, STM32U5F9ZJT6Q, STM32U5G7VJT6, STM32U5G7VJT6Q, STM32U5G9BJY6QTR, STM32U5G9J-DK1, STM32U5G9J-DK2, STM32U5G9NJH6Q, STM32U5G9VJT6Q, STM32U5G9ZJJ6QTR, STM32U5G9ZJT6Q, STM32WB1MMCH6, STM32WBA50KEU6, STM32WBA50KEU6TR, STM32WBA50KGU6, STM32WBA50KGU6TR, STM32WBA52CEU6, STM32WBA52CEU6TR, STM32WBA52CEU7, STM32WBA52CEU7TR, STM32WBA52CGU6, STM32WBA52CGU6TR, STM32WBA52CGU6U, STM32WBA52CGU7, STM32WBA52CGU7TR, STM32WBA52KEU6, STM32WBA52KEU6TR, STM32WBA52KGU6, STM32WBA52KGU6TR, STM32WBA54CEU6, STM32WBA54CEU6TR, STM32WBA54CEU7, STM32WBA54CEU7TR, STM32WBA54CGU6, STM32WBA54CGU6TR, STM32WBA54CGU7, STM32WBA54CGU7TR, STM32WBA54KEU6, STM32WBA54KEU6TR, STM32WBA54KEU7, STM32WBA54KEU7TR, STM32WBA54KGU6, STM32WBA54KGU6TR, STM32WBA54KGU7, STM32WBA54KGU7TR, STM32WBA55CEU6, STM32WBA55CEU6TR, STM32WBA55CEU7, STM32WBA55CEU7TR, STM32WBA55CGU6, STM32WBA55CGU6TR, STM32WBA55CGU6U, STM32WBA55CGU7, STM32WBA55CGU7TR, STM32WBA55G-DK1, STM32WBA55HEF6, STM32WBA55HEF7, STM32WBA55HGF6, STM32WBA55HGF7, STM32WBA55UEI6, STM32WBA55UEI6TR, STM32WBA55UEI7, STM32WBA55UEI7TR, STM32WBA55UGI6, STM32WBA55UGI6TR, STM32WBA55UGI7, STM32WBA55UGI7TR, STM32WL5MOCH6, STM32WL5MOCH6TR]
2024-03-13 21:52:50,993 [INFO] DbMcus:218 - Found 3930 MCUs, 3930 are supported
2024-03-13 21:52:50,994 [INFO] ApiDb:423 - Load user favorites file C:\Users\Tiago/.stm32cubeide/favorites.mcus.txt: 0 item(s)
2024-03-13 21:52:50,994 [INFO] ApiDb:427 - User favorites MCUs=[]
2024-03-13 21:52:50,994 [INFO] DbMcus:224 - Set 0 / 0 favorites MCUs
2024-03-13 21:52:51,175 [INFO] ApiDb:423 - Load user favorites file C:\Users\Tiago/.stm32cubeide/favorites.boards.txt: 0 item(s)
2024-03-13 21:52:51,176 [INFO] ApiDb:427 - User favorites Boards=[]
2024-03-13 21:52:51,176 [INFO] DbBoards:198 - Set 0 / 0 favorites Boards
2024-03-13 21:52:51,176 [INFO] McuFinderGlobals:76 - Set McuFinderConnectedMode to true
2024-03-13 21:52:51,182 [INFO] MultiScanPanel:200 - Auto-refresh data requested => check proxy status ongoing
2024-03-13 21:52:51,184 [INFO] FinderPluginLoader:95 - Searching for filters in installed packs
2024-03-13 21:52:52,555 [INFO] LoadUrlFilesThread:185 - End of LoadServerUrlFiles without Thread
2024-03-13 21:52:52,569 [INFO] DetailPanel:341 - Set advertising image to C:/Users/Tiago/STM32Cube/Repository/\en.prom-stm32wl3-mcu-finder.jpg
2024-03-13 21:52:55,312 [INFO] MultiScanPanel:200 - Auto-refresh data requested => check proxy status ongoing
2024-03-13 21:52:55,477 [INFO] LoadUrlFilesThread:185 - End of LoadServerUrlFiles without Thread
2024-03-13 21:52:55,477 [INFO] DetailPanel:341 - Set advertising image to C:/Users/Tiago/STM32Cube/Repository/\en.prom-stm32wl3-mcu-finder.jpg
2024-03-13 21:52:59,231 [ERROR] LogOutputStream:75 - [STDERR_REDIRECT] SLF4J: Failed to load class "org.slf4j.impl.StaticLoggerBinder".
2024-03-13 21:52:59,233 [ERROR] LogOutputStream:75 - [STDERR_REDIRECT] SLF4J: Defaulting to no-operation (NOP) logger implementation
2024-03-13 21:52:59,234 [ERROR] LogOutputStream:75 - [STDERR_REDIRECT] SLF4J: See http://www.slf4j.org/codes.html#StaticLoggerBinder for further details.
2024-03-13 21:53:24,915 [INFO] McuFinderGlobals:76 - Set McuFinderConnectedMode to true
2024-03-13 21:53:24,920 [INFO] ApiDb:448 - Save user favorites file C:\Users\Tiago/.stm32cubeide/favorites.mcus.txt: 0 item(s)
2024-03-13 21:53:24,920 [INFO] ApiDb:452 - User favorites MCUs=[]
2024-03-13 21:53:24,922 [INFO] ApiDb:448 - Save user favorites file C:\Users\Tiago/.stm32cubeide/favorites.boards.txt: 0 item(s)
2024-03-13 21:53:24,922 [INFO] ApiDb:452 - User favorites Boards=[]
2024-03-13 21:55:36,983 [ERROR] LogOutputStream:75 - [STDERR_REDIRECT] 
2024-03-13 21:55:36,984 [ERROR] LogOutputStream:75 - [STDERR_REDIRECT] 
